0 verbose cli /data/data/com.termux/files/usr/bin/node /data/data/com.termux/files/usr/lib/node_modules/npm/bin/npm-cli.js
1 info using npm@11.12.0
2 info using node@v25.8.1
3 silly config load:file:/data/data/com.termux/files/usr/lib/node_modules/npm/npmrc
4 silly config load:file:/data/data/com.termux/files/home/.npmrc
5 silly config load:file:/data/data/com.termux/files/usr/etc/npmrc
6 verbose title npm exec serve
7 verbose argv "exec" "--" "serve"
8 verbose logfile logs-max:10 dir:/data/data/com.termux/files/home/.npm/_logs/2026-03-24T17_33_08_849Z-
9 verbose logfile /data/data/com.termux/files/home/.npm/_logs/2026-03-24T17_33_08_849Z-debug-0.log
10 silly logfile done cleaning log files
11 silly packumentCache heap:1060110336 maxSize:265027584 maxEntrySize:132513792
12 http fetch GET 200 https://registry.npmjs.org/npm 771ms
13 http fetch GET 200 https://registry.npmjs.org/serve 823ms (cache miss)
14 silly packumentCache heap:1060110336 maxSize:265027584 maxEntrySize:132513792
15 silly packumentCache heap:1060110336 maxSize:265027584 maxEntrySize:132513792
16 silly idealTree buildDeps
17 silly fetch manifest serve@14.2.6
18 silly packumentCache full:https://registry.npmjs.org/serve cache-miss
19 http fetch GET 200 https://registry.npmjs.org/serve 875ms (cache miss)
20 silly packumentCache full:https://registry.npmjs.org/serve set size:undefined disposed:false
21 silly placeDep ROOT serve@14.2.6 OK for:  want: 14.2.6
22 silly fetch manifest @zeit/schemas@2.36.0
23 silly packumentCache full:https://registry.npmjs.org/@zeit%2fschemas cache-miss
24 silly fetch manifest ajv@8.18.0
25 silly packumentCache full:https://registry.npmjs.org/ajv cache-miss
26 silly fetch manifest arg@5.0.2
27 silly packumentCache full:https://registry.npmjs.org/arg cache-miss
28 silly fetch manifest boxen@7.0.0
29 silly packumentCache full:https://registry.npmjs.org/boxen cache-miss
30 silly fetch manifest chalk@5.0.1
31 silly packumentCache full:https://registry.npmjs.org/chalk cache-miss
32 silly fetch manifest chalk-template@0.4.0
33 silly packumentCache full:https://registry.npmjs.org/chalk-template cache-miss
34 silly fetch manifest clipboardy@3.0.0
35 silly packumentCache full:https://registry.npmjs.org/clipboardy cache-miss
36 http fetch GET 200 https://registry.npmjs.org/ajv 373ms (cache miss)
37 silly packumentCache full:https://registry.npmjs.org/ajv set size:undefined disposed:false
38 silly fetch manifest compression@1.8.1
39 silly packumentCache full:https://registry.npmjs.org/compression cache-miss
40 http fetch GET 200 https://registry.npmjs.org/compression 183ms (cache miss)
41 silly packumentCache full:https://registry.npmjs.org/compression set size:undefined disposed:false
42 silly fetch manifest is-port-reachable@4.0.0
43 silly packumentCache full:https://registry.npmjs.org/is-port-reachable cache-miss
44 http fetch GET 200 https://registry.npmjs.org/arg 599ms (cache miss)
45 silly packumentCache full:https://registry.npmjs.org/arg set size:undefined disposed:false
46 silly fetch manifest serve-handler@6.1.7
47 silly packumentCache full:https://registry.npmjs.org/serve-handler cache-miss
48 http fetch GET 200 https://registry.npmjs.org/chalk 607ms (cache miss)
49 silly packumentCache full:https://registry.npmjs.org/chalk set size:undefined disposed:false
50 silly fetch manifest update-check@1.5.4
51 silly packumentCache full:https://registry.npmjs.org/update-check cache-miss
52 http fetch GET 200 https://registry.npmjs.org/boxen 863ms (cache miss)
53 silly packumentCache full:https://registry.npmjs.org/boxen set size:undefined disposed:false
54 http fetch GET 200 https://registry.npmjs.org/is-port-reachable 444ms (cache miss)
55 silly packumentCache full:https://registry.npmjs.org/is-port-reachable set size:undefined disposed:false
56 http fetch GET 200 https://registry.npmjs.org/@zeit%2fschemas 1045ms (cache miss)
57 silly packumentCache full:https://registry.npmjs.org/@zeit%2fschemas set size:undefined disposed:false
58 http fetch GET 200 https://registry.npmjs.org/update-check 438ms (cache miss)
59 silly packumentCache full:https://registry.npmjs.org/update-check set size:undefined disposed:false
60 http fetch GET 200 https://registry.npmjs.org/serve-handler 505ms (cache miss)
61 silly packumentCache full:https://registry.npmjs.org/serve-handler set size:undefined disposed:false
62 http fetch GET 200 https://registry.npmjs.org/chalk-template 1280ms (cache miss)
63 silly packumentCache full:https://registry.npmjs.org/chalk-template set size:undefined disposed:false
64 http fetch GET 200 https://registry.npmjs.org/clipboardy 1309ms (cache miss)
65 silly packumentCache full:https://registry.npmjs.org/clipboardy set size:undefined disposed:false
66 silly placeDep ROOT @zeit/schemas@2.36.0 OK for: serve@14.2.6 want: 2.36.0
67 silly placeDep ROOT ajv@8.18.0 OK for: serve@14.2.6 want: 8.18.0
68 silly placeDep ROOT arg@5.0.2 OK for: serve@14.2.6 want: 5.0.2
69 silly placeDep ROOT boxen@7.0.0 OK for: serve@14.2.6 want: 7.0.0
70 silly placeDep ROOT chalk@5.0.1 OK for: serve@14.2.6 want: 5.0.1
71 silly placeDep ROOT chalk-template@0.4.0 OK for: serve@14.2.6 want: 0.4.0
72 silly placeDep ROOT clipboardy@3.0.0 OK for: serve@14.2.6 want: 3.0.0
73 silly placeDep ROOT compression@1.8.1 OK for: serve@14.2.6 want: 1.8.1
74 silly placeDep ROOT is-port-reachable@4.0.0 OK for: serve@14.2.6 want: 4.0.0
75 silly placeDep ROOT serve-handler@6.1.7 OK for: serve@14.2.6 want: 6.1.7
76 silly placeDep ROOT update-check@1.5.4 OK for: serve@14.2.6 want: 1.5.4
77 silly fetch manifest fast-uri@^3.0.1
78 silly packumentCache full:https://registry.npmjs.org/fast-uri cache-miss
79 silly fetch manifest fast-deep-equal@^3.1.3
80 silly packumentCache full:https://registry.npmjs.org/fast-deep-equal cache-miss
81 silly fetch manifest require-from-string@^2.0.2
82 silly packumentCache full:https://registry.npmjs.org/require-from-string cache-miss
83 silly fetch manifest json-schema-traverse@^1.0.0
84 silly packumentCache full:https://registry.npmjs.org/json-schema-traverse cache-miss
85 silly fetch manifest chalk@^5.0.1
86 silly packumentCache full:https://registry.npmjs.org/chalk cache-miss
87 silly fetch manifest camelcase@^7.0.0
88 silly packumentCache full:https://registry.npmjs.org/camelcase cache-miss
89 silly fetch manifest cli-boxes@^3.0.0
90 silly packumentCache full:https://registry.npmjs.org/cli-boxes cache-miss
91 http cache https://registry.npmjs.org/chalk 29ms (cache hit)
92 silly packumentCache full:https://registry.npmjs.org/chalk set size:117861 disposed:false
93 silly fetch manifest type-fest@^2.13.0
94 silly packumentCache full:https://registry.npmjs.org/type-fest cache-miss
95 http fetch GET 200 https://registry.npmjs.org/require-from-string 129ms (cache miss)
96 silly packumentCache full:https://registry.npmjs.org/require-from-string set size:undefined disposed:false
97 silly fetch manifest wrap-ansi@^8.0.1
98 silly packumentCache full:https://registry.npmjs.org/wrap-ansi cache-miss
99 http fetch GET 200 https://registry.npmjs.org/fast-deep-equal 146ms (cache miss)
100 silly packumentCache full:https://registry.npmjs.org/fast-deep-equal set size:undefined disposed:false
101 silly fetch manifest ansi-align@^3.0.1
102 silly packumentCache full:https://registry.npmjs.org/ansi-align cache-miss
103 http fetch GET 200 https://registry.npmjs.org/json-schema-traverse 153ms (cache miss)
104 silly packumentCache full:https://registry.npmjs.org/json-schema-traverse set size:undefined disposed:false
105 silly fetch manifest widest-line@^4.0.1
106 silly packumentCache full:https://registry.npmjs.org/widest-line cache-miss
107 http fetch GET 200 https://registry.npmjs.org/camelcase 159ms (cache miss)
108 silly packumentCache full:https://registry.npmjs.org/camelcase set size:undefined disposed:false
109 silly fetch manifest string-width@^5.1.2
110 silly packumentCache full:https://registry.npmjs.org/string-width cache-miss
111 http fetch GET 200 https://registry.npmjs.org/fast-uri 175ms (cache miss)
112 silly packumentCache full:https://registry.npmjs.org/fast-uri set size:undefined disposed:false
113 silly fetch manifest chalk@^4.1.2
114 silly packumentCache full:https://registry.npmjs.org/chalk cache-hit
115 silly fetch manifest arch@^2.2.0
116 silly packumentCache full:https://registry.npmjs.org/arch cache-miss
117 http fetch GET 200 https://registry.npmjs.org/type-fest 237ms (cache miss)
118 silly packumentCache full:https://registry.npmjs.org/type-fest set size:undefined disposed:false
119 silly fetch manifest execa@^5.1.1
120 silly packumentCache full:https://registry.npmjs.org/execa cache-miss
121 http fetch GET 200 https://registry.npmjs.org/wrap-ansi 188ms (cache miss)
122 silly packumentCache full:https://registry.npmjs.org/wrap-ansi set size:undefined disposed:false
123 silly fetch manifest is-wsl@^2.2.0
124 silly packumentCache full:https://registry.npmjs.org/is-wsl cache-miss
125 http fetch GET 200 https://registry.npmjs.org/string-width 162ms (cache miss)
126 silly packumentCache full:https://registry.npmjs.org/string-width set size:undefined disposed:false
127 silly fetch manifest bytes@3.1.2
128 silly packumentCache full:https://registry.npmjs.org/bytes cache-miss
129 http fetch GET 200 https://registry.npmjs.org/cli-boxes 372ms (cache miss)
130 silly packumentCache full:https://registry.npmjs.org/cli-boxes set size:undefined disposed:false
131 silly fetch manifest compressible@~2.0.18
132 silly packumentCache full:https://registry.npmjs.org/compressible cache-miss
133 http fetch GET 200 https://registry.npmjs.org/is-wsl 208ms (cache miss)
134 silly packumentCache full:https://registry.npmjs.org/is-wsl set size:undefined disposed:false
135 silly fetch manifest debug@2.6.9
136 silly packumentCache full:https://registry.npmjs.org/debug cache-miss
137 http fetch GET 200 https://registry.npmjs.org/ansi-align 391ms (cache miss)
138 silly packumentCache full:https://registry.npmjs.org/ansi-align set size:undefined disposed:false
139 silly fetch manifest negotiator@~0.6.4
140 silly packumentCache full:https://registry.npmjs.org/negotiator cache-miss
141 http fetch GET 200 https://registry.npmjs.org/bytes 215ms (cache miss)
142 silly packumentCache full:https://registry.npmjs.org/bytes set size:undefined disposed:false
143 silly fetch manifest on-headers@~1.1.0
144 silly packumentCache full:https://registry.npmjs.org/on-headers cache-miss
145 http fetch GET 200 https://registry.npmjs.org/arch 379ms (cache miss)
146 silly packumentCache full:https://registry.npmjs.org/arch set size:undefined disposed:false
147 silly fetch manifest safe-buffer@5.2.1
148 silly packumentCache full:https://registry.npmjs.org/safe-buffer cache-miss
149 http fetch GET 200 https://registry.npmjs.org/compressible 181ms (cache miss)
150 silly packumentCache full:https://registry.npmjs.org/compressible set size:undefined disposed:false
151 silly fetch manifest vary@~1.1.2
152 silly packumentCache full:https://registry.npmjs.org/vary cache-miss
153 http fetch GET 200 https://registry.npmjs.org/execa 268ms (cache miss)
154 silly packumentCache full:https://registry.npmjs.org/execa set size:undefined disposed:false
155 silly fetch manifest bytes@3.0.0
156 silly packumentCache full:https://registry.npmjs.org/bytes cache-miss
157 http cache https://registry.npmjs.org/bytes 5ms (cache hit)
158 silly packumentCache full:https://registry.npmjs.org/bytes set size:37018 disposed:false
159 silly fetch manifest content-disposition@0.5.2
160 silly packumentCache full:https://registry.npmjs.org/content-disposition cache-miss
161 http fetch GET 200 https://registry.npmjs.org/on-headers 125ms (cache miss)
162 silly packumentCache full:https://registry.npmjs.org/on-headers set size:undefined disposed:false
163 silly fetch manifest mime-types@2.1.18
164 silly packumentCache full:https://registry.npmjs.org/mime-types cache-miss
165 http fetch GET 200 https://registry.npmjs.org/vary 259ms (cache miss)
166 silly packumentCache full:https://registry.npmjs.org/vary set size:undefined disposed:false
167 silly fetch manifest minimatch@3.1.5
168 silly packumentCache full:https://registry.npmjs.org/minimatch cache-miss
169 http fetch GET 200 https://registry.npmjs.org/content-disposition 242ms (cache miss)
170 silly packumentCache full:https://registry.npmjs.org/content-disposition set size:undefined disposed:false
171 silly fetch manifest path-is-inside@1.0.2
172 silly packumentCache full:https://registry.npmjs.org/path-is-inside cache-miss
173 http fetch GET 200 https://registry.npmjs.org/negotiator 295ms (cache miss)
174 silly packumentCache full:https://registry.npmjs.org/negotiator set size:undefined disposed:false
175 silly fetch manifest path-to-regexp@3.3.0
176 silly packumentCache full:https://registry.npmjs.org/path-to-regexp cache-miss
177 http fetch GET 200 https://registry.npmjs.org/safe-buffer 282ms (cache miss)
178 silly packumentCache full:https://registry.npmjs.org/safe-buffer set size:undefined disposed:false
179 silly fetch manifest range-parser@1.2.0
180 silly packumentCache full:https://registry.npmjs.org/range-parser cache-miss
181 http fetch GET 200 https://registry.npmjs.org/debug 318ms (cache miss)
182 silly packumentCache full:https://registry.npmjs.org/debug set size:undefined disposed:false
183 silly fetch manifest registry-auth-token@3.3.2
184 silly packumentCache full:https://registry.npmjs.org/registry-auth-token cache-miss
185 http fetch GET 200 https://registry.npmjs.org/mime-types 187ms (cache miss)
186 silly packumentCache full:https://registry.npmjs.org/mime-types set size:undefined disposed:false
187 silly fetch manifest registry-url@3.1.0
188 silly packumentCache full:https://registry.npmjs.org/registry-url cache-miss
189 http fetch GET 200 https://registry.npmjs.org/widest-line 826ms (cache miss)
190 silly packumentCache full:https://registry.npmjs.org/widest-line set size:undefined disposed:false
191 http fetch GET 200 https://registry.npmjs.org/path-to-regexp 277ms (cache miss)
192 silly packumentCache full:https://registry.npmjs.org/path-to-regexp set size:undefined disposed:false
193 http fetch GET 200 https://registry.npmjs.org/range-parser 286ms (cache miss)
194 silly packumentCache full:https://registry.npmjs.org/range-parser set size:undefined disposed:false
195 http fetch GET 200 https://registry.npmjs.org/minimatch 308ms (cache miss)
196 silly packumentCache full:https://registry.npmjs.org/minimatch set size:undefined disposed:false
197 http fetch GET 200 https://registry.npmjs.org/path-is-inside 546ms (cache miss)
198 silly packumentCache full:https://registry.npmjs.org/path-is-inside set size:undefined disposed:false
199 http fetch GET 200 https://registry.npmjs.org/registry-auth-token 522ms (cache miss)
200 silly packumentCache full:https://registry.npmjs.org/registry-auth-token set size:undefined disposed:false
201 http fetch GET 200 https://registry.npmjs.org/registry-url 1130ms (cache miss)
202 silly packumentCache full:https://registry.npmjs.org/registry-url set size:undefined disposed:false
203 silly placeDep ROOT fast-deep-equal@3.1.3 OK for: ajv@8.18.0 want: ^3.1.3
204 silly placeDep ROOT fast-uri@3.1.0 OK for: ajv@8.18.0 want: ^3.0.1
205 silly placeDep ROOT json-schema-traverse@1.0.0 OK for: ajv@8.18.0 want: ^1.0.0
206 silly placeDep ROOT require-from-string@2.0.2 OK for: ajv@8.18.0 want: ^2.0.2
207 silly placeDep ROOT ansi-align@3.0.1 OK for: boxen@7.0.0 want: ^3.0.1
208 silly placeDep ROOT camelcase@7.0.1 OK for: boxen@7.0.0 want: ^7.0.0
209 silly placeDep ROOT cli-boxes@3.0.0 OK for: boxen@7.0.0 want: ^3.0.0
210 silly placeDep ROOT string-width@5.1.2 OK for: boxen@7.0.0 want: ^5.1.2
211 silly placeDep ROOT type-fest@2.19.0 OK for: boxen@7.0.0 want: ^2.13.0
212 silly placeDep ROOT widest-line@4.0.1 OK for: boxen@7.0.0 want: ^4.0.1
213 silly placeDep ROOT wrap-ansi@8.1.0 OK for: boxen@7.0.0 want: ^8.0.1
214 silly fetch manifest string-width@^4.1.0
215 silly packumentCache full:https://registry.npmjs.org/string-width cache-miss
216 silly fetch manifest strip-ansi@^7.0.1
217 silly packumentCache full:https://registry.npmjs.org/strip-ansi cache-miss
218 silly fetch manifest emoji-regex@^9.2.2
219 silly packumentCache full:https://registry.npmjs.org/emoji-regex cache-miss
220 silly fetch manifest eastasianwidth@^0.2.0
221 silly packumentCache full:https://registry.npmjs.org/eastasianwidth cache-miss
222 silly fetch manifest strip-ansi@^7.0.1
223 silly packumentCache full:https://registry.npmjs.org/strip-ansi cache-miss
224 silly fetch manifest ansi-styles@^6.1.0
225 silly packumentCache full:https://registry.npmjs.org/ansi-styles cache-miss
226 http cache https://registry.npmjs.org/string-width 20ms (cache hit)
227 silly packumentCache full:https://registry.npmjs.org/string-width set size:68305 disposed:false
228 http fetch GET 200 https://registry.npmjs.org/strip-ansi 127ms (cache miss)
229 silly packumentCache full:https://registry.npmjs.org/strip-ansi set size:undefined disposed:false
230 http fetch GET 200 https://registry.npmjs.org/eastasianwidth 138ms (cache miss)
231 silly packumentCache full:https://registry.npmjs.org/eastasianwidth set size:undefined disposed:false
232 http fetch GET 200 https://registry.npmjs.org/ansi-styles 141ms (cache miss)
233 silly packumentCache full:https://registry.npmjs.org/ansi-styles set size:undefined disposed:false
234 http fetch GET 200 https://registry.npmjs.org/emoji-regex 150ms (cache miss)
235 silly packumentCache full:https://registry.npmjs.org/emoji-regex set size:undefined disposed:false
236 http fetch GET 200 https://registry.npmjs.org/strip-ansi 178ms (cache miss)
237 silly packumentCache full:https://registry.npmjs.org/strip-ansi set size:undefined disposed:false
238 silly placeDep node_modules/ansi-align string-width@4.2.3 OK for: ansi-align@3.0.1 want: ^4.1.0
239 silly fetch manifest strip-ansi@^6.0.1
240 silly packumentCache full:https://registry.npmjs.org/strip-ansi cache-miss
241 silly fetch manifest emoji-regex@^8.0.0
242 silly packumentCache full:https://registry.npmjs.org/emoji-regex cache-miss
243 silly fetch manifest is-fullwidth-code-point@^3.0.0
244 silly packumentCache full:https://registry.npmjs.org/is-fullwidth-code-point cache-miss
245 http cache https://registry.npmjs.org/strip-ansi 22ms (cache hit)
246 silly packumentCache full:https://registry.npmjs.org/strip-ansi set size:44998 disposed:false
247 http cache https://registry.npmjs.org/emoji-regex 25ms (cache hit)
248 silly packumentCache full:https://registry.npmjs.org/emoji-regex set size:89088 disposed:false
249 http fetch GET 200 https://registry.npmjs.org/is-fullwidth-code-point 87ms (cache miss)
250 silly packumentCache full:https://registry.npmjs.org/is-fullwidth-code-point set size:undefined disposed:false
251 silly placeDep node_modules/chalk-template chalk@4.1.2 OK for: chalk-template@0.4.0 want: ^4.1.2
252 silly fetch manifest ansi-styles@^4.1.0
253 silly packumentCache full:https://registry.npmjs.org/ansi-styles cache-miss
254 silly fetch manifest supports-color@^7.1.0
255 silly packumentCache full:https://registry.npmjs.org/supports-color cache-miss
256 http cache https://registry.npmjs.org/ansi-styles 14ms (cache hit)
257 silly packumentCache full:https://registry.npmjs.org/ansi-styles set size:63233 disposed:false
258 http fetch GET 200 https://registry.npmjs.org/supports-color 121ms (cache miss)
259 silly packumentCache full:https://registry.npmjs.org/supports-color set size:undefined disposed:false
260 silly placeDep ROOT arch@2.2.0 OK for: clipboardy@3.0.0 want: ^2.2.0
261 silly placeDep ROOT execa@5.1.1 OK for: clipboardy@3.0.0 want: ^5.1.1
262 silly placeDep ROOT is-wsl@2.2.0 OK for: clipboardy@3.0.0 want: ^2.2.0
263 silly fetch manifest onetime@^5.1.2
264 silly packumentCache full:https://registry.npmjs.org/onetime cache-miss
265 silly fetch manifest is-stream@^2.0.0
266 silly packumentCache full:https://registry.npmjs.org/is-stream cache-miss
267 silly fetch manifest get-stream@^6.0.0
268 silly packumentCache full:https://registry.npmjs.org/get-stream cache-miss
269 silly fetch manifest cross-spawn@^7.0.3
270 silly packumentCache full:https://registry.npmjs.org/cross-spawn cache-miss
271 silly fetch manifest signal-exit@^3.0.3
272 silly packumentCache full:https://registry.npmjs.org/signal-exit cache-miss
273 silly fetch manifest merge-stream@^2.0.0
274 silly packumentCache full:https://registry.npmjs.org/merge-stream cache-miss
275 silly fetch manifest npm-run-path@^4.0.1
276 silly packumentCache full:https://registry.npmjs.org/npm-run-path cache-miss
277 http fetch GET 200 https://registry.npmjs.org/onetime 104ms (cache miss)
278 silly packumentCache full:https://registry.npmjs.org/onetime set size:undefined disposed:false
279 silly fetch manifest human-signals@^2.1.0
280 silly packumentCache full:https://registry.npmjs.org/human-signals cache-miss
281 http fetch GET 200 https://registry.npmjs.org/npm-run-path 123ms (cache miss)
282 silly packumentCache full:https://registry.npmjs.org/npm-run-path set size:undefined disposed:false
283 silly fetch manifest strip-final-newline@^2.0.0
284 silly packumentCache full:https://registry.npmjs.org/strip-final-newline cache-miss
285 http fetch GET 200 https://registry.npmjs.org/signal-exit 142ms (cache miss)
286 silly packumentCache full:https://registry.npmjs.org/signal-exit set size:undefined disposed:false
287 silly fetch manifest is-docker@^2.0.0
288 silly packumentCache full:https://registry.npmjs.org/is-docker cache-miss
289 http fetch GET 200 https://registry.npmjs.org/is-stream 153ms (cache miss)
290 silly packumentCache full:https://registry.npmjs.org/is-stream set size:undefined disposed:false
291 http fetch GET 200 https://registry.npmjs.org/get-stream 155ms (cache miss)
292 silly packumentCache full:https://registry.npmjs.org/get-stream set size:undefined disposed:false
293 http fetch GET 200 https://registry.npmjs.org/cross-spawn 158ms (cache miss)
294 silly packumentCache full:https://registry.npmjs.org/cross-spawn set size:undefined disposed:false
295 http fetch GET 200 https://registry.npmjs.org/is-docker 60ms (cache miss)
296 silly packumentCache full:https://registry.npmjs.org/is-docker set size:undefined disposed:false
297 http fetch GET 200 https://registry.npmjs.org/human-signals 104ms (cache miss)
298 silly packumentCache full:https://registry.npmjs.org/human-signals set size:undefined disposed:false
299 http fetch GET 200 https://registry.npmjs.org/merge-stream 376ms (cache miss)
300 silly packumentCache full:https://registry.npmjs.org/merge-stream set size:undefined disposed:false
301 http fetch GET 200 https://registry.npmjs.org/strip-final-newline 346ms (cache miss)
302 silly packumentCache full:https://registry.npmjs.org/strip-final-newline set size:undefined disposed:false
303 silly placeDep ROOT bytes@3.1.2 OK for: compression@1.8.1 want: 3.1.2
304 silly placeDep ROOT compressible@2.0.18 OK for: compression@1.8.1 want: ~2.0.18
305 silly placeDep ROOT debug@2.6.9 OK for: compression@1.8.1 want: 2.6.9
306 silly placeDep ROOT negotiator@0.6.4 OK for: compression@1.8.1 want: ~0.6.4
307 silly placeDep ROOT on-headers@1.1.0 OK for: compression@1.8.1 want: ~1.1.0
308 silly placeDep ROOT safe-buffer@5.2.1 OK for: compression@1.8.1 want: 5.2.1
309 silly placeDep ROOT vary@1.1.2 OK for: compression@1.8.1 want: ~1.1.2
310 silly fetch manifest mime-db@>= 1.43.0 < 2
311 silly packumentCache full:https://registry.npmjs.org/mime-db cache-miss
312 silly fetch manifest ms@2.0.0
313 silly packumentCache full:https://registry.npmjs.org/ms cache-miss
314 http fetch GET 200 https://registry.npmjs.org/ms 111ms (cache miss)
315 silly packumentCache full:https://registry.npmjs.org/ms set size:undefined disposed:false
316 http fetch GET 200 https://registry.npmjs.org/mime-db 532ms (cache miss)
317 silly packumentCache full:https://registry.npmjs.org/mime-db set size:undefined disposed:false
318 silly placeDep ROOT mime-db@1.54.0 OK for: compressible@2.0.18 want: >= 1.43.0 < 2
319 silly placeDep ROOT ms@2.0.0 OK for: debug@2.6.9 want: 2.0.0
320 silly placeDep ROOT cross-spawn@7.0.6 OK for: execa@5.1.1 want: ^7.0.3
321 silly placeDep ROOT get-stream@6.0.1 OK for: execa@5.1.1 want: ^6.0.0
322 silly placeDep ROOT human-signals@2.1.0 OK for: execa@5.1.1 want: ^2.1.0
323 silly placeDep ROOT is-stream@2.0.1 OK for: execa@5.1.1 want: ^2.0.0
324 silly placeDep ROOT merge-stream@2.0.0 OK for: execa@5.1.1 want: ^2.0.0
325 silly placeDep ROOT npm-run-path@4.0.1 OK for: execa@5.1.1 want: ^4.0.1
326 silly placeDep ROOT onetime@5.1.2 OK for: execa@5.1.1 want: ^5.1.2
327 silly placeDep ROOT signal-exit@3.0.7 OK for: execa@5.1.1 want: ^3.0.3
328 silly placeDep ROOT strip-final-newline@2.0.0 OK for: execa@5.1.1 want: ^2.0.0
329 silly fetch manifest which@^2.0.1
330 silly packumentCache full:https://registry.npmjs.org/which cache-miss
331 silly fetch manifest path-key@^3.1.0
332 silly packumentCache full:https://registry.npmjs.org/path-key cache-miss
333 silly fetch manifest shebang-command@^2.0.0
334 silly packumentCache full:https://registry.npmjs.org/shebang-command cache-miss
335 silly fetch manifest path-key@^3.0.0
336 silly packumentCache full:https://registry.npmjs.org/path-key cache-miss
337 silly fetch manifest mimic-fn@^2.1.0
338 silly packumentCache full:https://registry.npmjs.org/mimic-fn cache-miss
339 http fetch GET 200 https://registry.npmjs.org/mimic-fn 678ms (cache miss)
340 silly packumentCache full:https://registry.npmjs.org/mimic-fn set size:undefined disposed:false
341 http fetch GET 200 https://registry.npmjs.org/path-key 683ms (cache miss)
342 silly packumentCache full:https://registry.npmjs.org/path-key set size:undefined disposed:false
343 http fetch GET 200 https://registry.npmjs.org/shebang-command 690ms (cache miss)
344 silly packumentCache full:https://registry.npmjs.org/shebang-command set size:undefined disposed:false
345 http fetch GET 200 https://registry.npmjs.org/path-key 699ms (cache miss)
346 silly packumentCache full:https://registry.npmjs.org/path-key set size:undefined disposed:false
347 http fetch GET 200 https://registry.npmjs.org/which 704ms (cache miss)
348 silly packumentCache full:https://registry.npmjs.org/which set size:undefined disposed:false
349 silly placeDep ROOT path-key@3.1.1 OK for: cross-spawn@7.0.6 want: ^3.1.0
350 silly placeDep ROOT shebang-command@2.0.0 OK for: cross-spawn@7.0.6 want: ^2.0.0
351 silly placeDep ROOT which@2.0.2 OK for: cross-spawn@7.0.6 want: ^2.0.1
352 silly fetch manifest shebang-regex@^3.0.0
353 silly packumentCache full:https://registry.npmjs.org/shebang-regex cache-miss
354 silly fetch manifest isexe@^2.0.0
355 silly packumentCache full:https://registry.npmjs.org/isexe cache-miss
356 http fetch GET 200 https://registry.npmjs.org/shebang-regex 98ms (cache miss)
357 silly packumentCache full:https://registry.npmjs.org/shebang-regex set size:undefined disposed:false
358 http fetch GET 200 https://registry.npmjs.org/isexe 102ms (cache miss)
359 silly packumentCache full:https://registry.npmjs.org/isexe set size:undefined disposed:false
360 silly placeDep ROOT is-docker@2.2.1 OK for: is-wsl@2.2.0 want: ^2.0.0
361 silly placeDep ROOT mimic-fn@2.1.0 OK for: onetime@5.1.2 want: ^2.1.0
362 silly placeDep node_modules/serve-handler bytes@3.0.0 OK for: serve-handler@6.1.7 want: 3.0.0
363 silly placeDep ROOT content-disposition@0.5.2 OK for: serve-handler@6.1.7 want: 0.5.2
364 silly placeDep ROOT mime-types@2.1.18 OK for: serve-handler@6.1.7 want: 2.1.18
365 silly placeDep ROOT minimatch@3.1.5 OK for: serve-handler@6.1.7 want: 3.1.5
366 silly placeDep ROOT path-is-inside@1.0.2 OK for: serve-handler@6.1.7 want: 1.0.2
367 silly placeDep ROOT path-to-regexp@3.3.0 OK for: serve-handler@6.1.7 want: 3.3.0
368 silly placeDep ROOT range-parser@1.2.0 OK for: serve-handler@6.1.7 want: 1.2.0
369 silly fetch manifest mime-db@~1.33.0
370 silly packumentCache full:https://registry.npmjs.org/mime-db cache-miss
371 silly fetch manifest brace-expansion@^1.1.7
372 silly packumentCache full:https://registry.npmjs.org/brace-expansion cache-miss
373 http cache https://registry.npmjs.org/mime-db 13ms (cache hit)
374 silly packumentCache full:https://registry.npmjs.org/mime-db set size:164953 disposed:false
375 http fetch GET 200 https://registry.npmjs.org/brace-expansion 153ms (cache miss)
376 silly packumentCache full:https://registry.npmjs.org/brace-expansion set size:undefined disposed:false
377 silly placeDep node_modules/mime-types mime-db@1.33.0 OK for: mime-types@2.1.18 want: ~1.33.0
378 silly placeDep ROOT brace-expansion@1.1.12 OK for: minimatch@3.1.5 want: ^1.1.7
379 silly fetch manifest concat-map@0.0.1
380 silly packumentCache full:https://registry.npmjs.org/concat-map cache-miss
381 silly fetch manifest balanced-match@^1.0.0
382 silly packumentCache full:https://registry.npmjs.org/balanced-match cache-miss
383 http fetch GET 200 https://registry.npmjs.org/concat-map 989ms (cache miss)
384 silly packumentCache full:https://registry.npmjs.org/concat-map set size:undefined disposed:false
385 http fetch GET 200 https://registry.npmjs.org/balanced-match 992ms (cache miss)
386 silly packumentCache full:https://registry.npmjs.org/balanced-match set size:undefined disposed:false
387 silly placeDep ROOT balanced-match@1.0.2 OK for: brace-expansion@1.1.12 want: ^1.0.0
388 silly placeDep ROOT concat-map@0.0.1 OK for: brace-expansion@1.1.12 want: 0.0.1
389 silly placeDep ROOT shebang-regex@3.0.0 OK for: shebang-command@2.0.0 want: ^3.0.0
390 silly placeDep ROOT eastasianwidth@0.2.0 OK for: string-width@5.1.2 want: ^0.2.0
391 silly placeDep ROOT emoji-regex@9.2.2 OK for: string-width@5.1.2 want: ^9.2.2
392 silly placeDep ROOT strip-ansi@7.2.0 OK for: string-width@5.1.2 want: ^7.0.1
393 silly fetch manifest ansi-regex@^6.2.2
394 silly packumentCache full:https://registry.npmjs.org/ansi-regex cache-miss
395 http fetch GET 200 https://registry.npmjs.org/ansi-regex 84ms (cache miss)
396 silly packumentCache full:https://registry.npmjs.org/ansi-regex set size:undefined disposed:false
397 silly placeDep ROOT ansi-regex@6.2.2 OK for: strip-ansi@7.2.0 want: ^6.2.2
398 silly placeDep ROOT registry-auth-token@3.3.2 OK for: update-check@1.5.4 want: 3.3.2
399 silly placeDep ROOT registry-url@3.1.0 OK for: update-check@1.5.4 want: 3.1.0
400 silly fetch manifest rc@^1.1.6
401 silly packumentCache full:https://registry.npmjs.org/rc cache-miss
402 silly fetch manifest rc@^1.0.1
403 silly packumentCache full:https://registry.npmjs.org/rc cache-miss
404 http fetch GET 200 https://registry.npmjs.org/rc 1195ms (cache miss)
405 silly packumentCache full:https://registry.npmjs.org/rc set size:undefined disposed:false
406 http fetch GET 200 https://registry.npmjs.org/rc 1203ms (cache miss)
407 silly packumentCache full:https://registry.npmjs.org/rc set size:undefined disposed:false
408 silly placeDep ROOT rc@1.2.8 OK for: registry-auth-token@3.3.2 want: ^1.1.6
409 silly fetch manifest ini@~1.3.0
410 silly packumentCache full:https://registry.npmjs.org/ini cache-miss
411 silly fetch manifest minimist@^1.2.0
412 silly packumentCache full:https://registry.npmjs.org/minimist cache-miss
413 silly fetch manifest deep-extend@^0.6.0
414 silly packumentCache full:https://registry.npmjs.org/deep-extend cache-miss
415 silly fetch manifest strip-json-comments@~2.0.1
416 silly packumentCache full:https://registry.npmjs.org/strip-json-comments cache-miss
417 http fetch GET 200 https://registry.npmjs.org/minimist 102ms (cache miss)
418 silly packumentCache full:https://registry.npmjs.org/minimist set size:undefined disposed:false
419 http fetch GET 200 https://registry.npmjs.org/strip-json-comments 141ms (cache miss)
420 silly packumentCache full:https://registry.npmjs.org/strip-json-comments set size:undefined disposed:false
421 http fetch GET 200 https://registry.npmjs.org/ini 860ms (cache miss)
422 silly packumentCache full:https://registry.npmjs.org/ini set size:undefined disposed:false
423 http fetch GET 200 https://registry.npmjs.org/deep-extend 945ms (cache miss)
424 silly packumentCache full:https://registry.npmjs.org/deep-extend set size:undefined disposed:false
425 silly placeDep ROOT deep-extend@0.6.0 OK for: rc@1.2.8 want: ^0.6.0
426 silly placeDep ROOT ini@1.3.8 OK for: rc@1.2.8 want: ~1.3.0
427 silly placeDep ROOT minimist@1.2.8 OK for: rc@1.2.8 want: ^1.2.0
428 silly placeDep ROOT strip-json-comments@2.0.1 OK for: rc@1.2.8 want: ~2.0.1
429 silly placeDep ROOT isexe@2.0.0 OK for: which@2.0.2 want: ^2.0.0
430 silly placeDep ROOT ansi-styles@6.2.3 OK for: wrap-ansi@8.1.0 want: ^6.1.0
431 silly placeDep node_modules/ansi-align emoji-regex@8.0.0 OK for: string-width@4.2.3 want: ^8.0.0
432 silly placeDep ROOT is-fullwidth-code-point@3.0.0 OK for: string-width@4.2.3 want: ^3.0.0
433 silly placeDep node_modules/ansi-align strip-ansi@6.0.1 OK for: string-width@4.2.3 want: ^6.0.1
434 silly fetch manifest ansi-regex@^5.0.1
435 silly packumentCache full:https://registry.npmjs.org/ansi-regex cache-miss
436 http cache https://registry.npmjs.org/ansi-regex 8ms (cache hit)
437 silly packumentCache full:https://registry.npmjs.org/ansi-regex set size:43572 disposed:false
438 silly placeDep node_modules/ansi-align ansi-regex@5.0.1 OK for: strip-ansi@6.0.1 want: ^5.0.1
439 silly placeDep node_modules/chalk-template ansi-styles@4.3.0 OK for: chalk@4.1.2 want: ^4.1.0
440 silly placeDep ROOT supports-color@7.2.0 OK for: chalk@4.1.2 want: ^7.1.0
441 silly fetch manifest color-convert@^2.0.1
442 silly packumentCache full:https://registry.npmjs.org/color-convert cache-miss
443 silly fetch manifest has-flag@^4.0.0
444 silly packumentCache full:https://registry.npmjs.org/has-flag cache-miss
445 http fetch GET 200 https://registry.npmjs.org/has-flag 103ms (cache miss)
446 silly packumentCache full:https://registry.npmjs.org/has-flag set size:undefined disposed:false
447 http fetch GET 200 https://registry.npmjs.org/color-convert 108ms (cache miss)
448 silly packumentCache full:https://registry.npmjs.org/color-convert set size:undefined disposed:false
449 silly placeDep ROOT has-flag@4.0.0 OK for: supports-color@7.2.0 want: ^4.0.0
450 silly placeDep ROOT color-convert@2.0.1 OK for: ansi-styles@4.3.0 want: ^2.0.1
451 silly fetch manifest color-name@~1.1.4
452 silly packumentCache full:https://registry.npmjs.org/color-name cache-miss
453 http fetch GET 200 https://registry.npmjs.org/color-name 111ms (cache miss)
454 silly packumentCache full:https://registry.npmjs.org/color-name set size:undefined disposed:false
455 silly placeDep ROOT color-name@1.1.4 OK for: color-convert@2.0.1 want: ~1.1.4
456 silly reify moves {}
457 silly audit bulk request {
457 silly audit   serve: [ '14.2.6' ],
457 silly audit   '@zeit/schemas': [ '2.36.0' ],
457 silly audit   ajv: [ '8.18.0' ],
457 silly audit   arg: [ '5.0.2' ],
457 silly audit   boxen: [ '7.0.0' ],
457 silly audit   chalk: [ '5.0.1', '4.1.2' ],
457 silly audit   'chalk-template': [ '0.4.0' ],
457 silly audit   clipboardy: [ '3.0.0' ],
457 silly audit   compression: [ '1.8.1' ],
457 silly audit   'is-port-reachable': [ '4.0.0' ],
457 silly audit   'serve-handler': [ '6.1.7' ],
457 silly audit   'update-check': [ '1.5.4' ],
457 silly audit   'fast-deep-equal': [ '3.1.3' ],
457 silly audit   'fast-uri': [ '3.1.0' ],
457 silly audit   'json-schema-traverse': [ '1.0.0' ],
457 silly audit   'require-from-string': [ '2.0.2' ],
457 silly audit   'ansi-align': [ '3.0.1' ],
457 silly audit   camelcase: [ '7.0.1' ],
457 silly audit   'cli-boxes': [ '3.0.0' ],
457 silly audit   'string-width': [ '5.1.2', '4.2.3' ],
457 silly audit   'type-fest': [ '2.19.0' ],
457 silly audit   'widest-line': [ '4.0.1' ],
457 silly audit   'wrap-ansi': [ '8.1.0' ],
457 silly audit   arch: [ '2.2.0' ],
457 silly audit   execa: [ '5.1.1' ],
457 silly audit   'is-wsl': [ '2.2.0' ],
457 silly audit   bytes: [ '3.1.2', '3.0.0' ],
457 silly audit   compressible: [ '2.0.18' ],
457 silly audit   debug: [ '2.6.9' ],
457 silly audit   negotiator: [ '0.6.4' ],
457 silly audit   'on-headers': [ '1.1.0' ],
457 silly audit   'safe-buffer': [ '5.2.1' ],
457 silly audit   vary: [ '1.1.2' ],
457 silly audit   'mime-db': [ '1.54.0', '1.33.0' ],
457 silly audit   ms: [ '2.0.0' ],
457 silly audit   'cross-spawn': [ '7.0.6' ],
457 silly audit   'get-stream': [ '6.0.1' ],
457 silly audit   'human-signals': [ '2.1.0' ],
457 silly audit   'is-stream': [ '2.0.1' ],
457 silly audit   'merge-stream': [ '2.0.0' ],
457 silly audit   'npm-run-path': [ '4.0.1' ],
457 silly audit   onetime: [ '5.1.2' ],
457 silly audit   'signal-exit': [ '3.0.7' ],
457 silly audit   'strip-final-newline': [ '2.0.0' ],
457 silly audit   'path-key': [ '3.1.1' ],
457 silly audit   'shebang-command': [ '2.0.0' ],
457 silly audit   which: [ '2.0.2' ],
457 silly audit   'is-docker': [ '2.2.1' ],
457 silly audit   'mimic-fn': [ '2.1.0' ],
457 silly audit   'content-disposition': [ '0.5.2' ],
457 silly audit   'mime-types': [ '2.1.18' ],
457 silly audit   minimatch: [ '3.1.5' ],
457 silly audit   'path-is-inside': [ '1.0.2' ],
457 silly audit   'path-to-regexp': [ '3.3.0' ],
457 silly audit   'range-parser': [ '1.2.0' ],
457 silly audit   'brace-expansion': [ '1.1.12' ],
457 silly audit   'balanced-match': [ '1.0.2' ],
457 silly audit   'concat-map': [ '0.0.1' ],
457 silly audit   'shebang-regex': [ '3.0.0' ],
457 silly audit   eastasianwidth: [ '0.2.0' ],
457 silly audit   'emoji-regex': [ '9.2.2', '8.0.0' ],
457 silly audit   'strip-ansi': [ '7.2.0', '6.0.1' ],
457 silly audit   'ansi-regex': [ '6.2.2', '5.0.1' ],
457 silly audit   'registry-auth-token': [ '3.3.2' ],
457 silly audit   'registry-url': [ '3.1.0' ],
457 silly audit   rc: [ '1.2.8' ],
457 silly audit   'deep-extend': [ '0.6.0' ],
457 silly audit   ini: [ '1.3.8' ],
457 silly audit   minimist: [ '1.2.8' ],
457 silly audit   'strip-json-comments': [ '2.0.1' ],
457 silly audit   isexe: [ '2.0.0' ],
457 silly audit   'ansi-styles': [ '6.2.3', '4.3.0' ],
457 silly audit   'is-fullwidth-code-point': [ '3.0.0' ],
457 silly audit   'supports-color': [ '7.2.0' ],
457 silly audit   'has-flag': [ '4.0.0' ],
457 silly audit   'color-convert': [ '2.0.1' ],
457 silly audit   'color-name': [ '1.1.4' ]
457 silly audit }
458 http cache color-name@https://registry.npmjs.org/color-name/-/color-name-1.1.4.tgz 0ms (cache hit)
459 http cache color-convert@https://registry.npmjs.org/color-convert/-/color-convert-2.0.1.tgz 0ms (cache hit)
460 http cache has-flag@https://registry.npmjs.org/has-flag/-/has-flag-4.0.0.tgz 1ms (cache hit)
461 http cache supports-color@https://registry.npmjs.org/supports-color/-/supports-color-7.2.0.tgz 0ms (cache hit)
462 http cache ansi-styles@https://registry.npmjs.org/ansi-styles/-/ansi-styles-6.2.3.tgz 0ms (cache hit)
463 http cache isexe@https://registry.npmjs.org/isexe/-/isexe-2.0.0.tgz 0ms (cache hit)
464 http cache strip-json-comments@https://registry.npmjs.org/strip-json-comments/-/strip-json-comments-2.0.1.tgz 0ms (cache hit)
465 http cache is-fullwidth-code-point@https://registry.npmjs.org/is-fullwidth-code-point/-/is-fullwidth-code-point-3.0.0.tgz 0ms (cache hit)
466 http cache deep-extend@https://registry.npmjs.org/deep-extend/-/deep-extend-0.6.0.tgz 0ms (cache hit)
467 http cache rc@https://registry.npmjs.org/rc/-/rc-1.2.8.tgz 0ms (cache hit)
468 http cache ini@https://registry.npmjs.org/ini/-/ini-1.3.8.tgz 0ms (cache hit)
469 http cache registry-auth-token@https://registry.npmjs.org/registry-auth-token/-/registry-auth-token-3.3.2.tgz 0ms (cache hit)
470 http cache ansi-regex@https://registry.npmjs.org/ansi-regex/-/ansi-regex-6.2.2.tgz 0ms (cache hit)
471 http cache strip-ansi@https://registry.npmjs.org/strip-ansi/-/strip-ansi-7.2.0.tgz 0ms (cache hit)
472 http cache emoji-regex@https://registry.npmjs.org/emoji-regex/-/emoji-regex-9.2.2.tgz 0ms (cache hit)
473 http cache eastasianwidth@https://registry.npmjs.org/eastasianwidth/-/eastasianwidth-0.2.0.tgz 0ms (cache hit)
474 http cache shebang-regex@https://registry.npmjs.org/shebang-regex/-/shebang-regex-3.0.0.tgz 0ms (cache hit)
475 http cache concat-map@https://registry.npmjs.org/concat-map/-/concat-map-0.0.1.tgz 0ms (cache hit)
476 http cache balanced-match@https://registry.npmjs.org/balanced-match/-/balanced-match-1.0.2.tgz 0ms (cache hit)
477 http cache brace-expansion@https://registry.npmjs.org/brace-expansion/-/brace-expansion-1.1.12.tgz 0ms (cache hit)
478 http cache range-parser@https://registry.npmjs.org/range-parser/-/range-parser-1.2.0.tgz 0ms (cache hit)
479 http cache path-to-regexp@https://registry.npmjs.org/path-to-regexp/-/path-to-regexp-3.3.0.tgz 0ms (cache hit)
480 http cache path-is-inside@https://registry.npmjs.org/path-is-inside/-/path-is-inside-1.0.2.tgz 0ms (cache hit)
481 http cache minimatch@https://registry.npmjs.org/minimatch/-/minimatch-3.1.5.tgz 0ms (cache hit)
482 http cache mime-types@https://registry.npmjs.org/mime-types/-/mime-types-2.1.18.tgz 0ms (cache hit)
483 http cache mimic-fn@https://registry.npmjs.org/mimic-fn/-/mimic-fn-2.1.0.tgz 0ms (cache hit)
484 http cache content-disposition@https://registry.npmjs.org/content-disposition/-/content-disposition-0.5.2.tgz 0ms (cache hit)
485 http cache is-docker@https://registry.npmjs.org/is-docker/-/is-docker-2.2.1.tgz 0ms (cache hit)
486 http cache which@https://registry.npmjs.org/which/-/which-2.0.2.tgz 0ms (cache hit)
487 http cache shebang-command@https://registry.npmjs.org/shebang-command/-/shebang-command-2.0.0.tgz 0ms (cache hit)
488 http cache path-key@https://registry.npmjs.org/path-key/-/path-key-3.1.1.tgz 0ms (cache hit)
489 http cache strip-final-newline@https://registry.npmjs.org/strip-final-newline/-/strip-final-newline-2.0.0.tgz 0ms (cache hit)
490 http cache signal-exit@https://registry.npmjs.org/signal-exit/-/signal-exit-3.0.7.tgz 0ms (cache hit)
491 http cache onetime@https://registry.npmjs.org/onetime/-/onetime-5.1.2.tgz 0ms (cache hit)
492 http cache npm-run-path@https://registry.npmjs.org/npm-run-path/-/npm-run-path-4.0.1.tgz 0ms (cache hit)
493 http cache merge-stream@https://registry.npmjs.org/merge-stream/-/merge-stream-2.0.0.tgz 0ms (cache hit)
494 http cache is-stream@https://registry.npmjs.org/is-stream/-/is-stream-2.0.1.tgz 0ms (cache hit)
495 http cache human-signals@https://registry.npmjs.org/human-signals/-/human-signals-2.1.0.tgz 0ms (cache hit)
496 http cache get-stream@https://registry.npmjs.org/get-stream/-/get-stream-6.0.1.tgz 0ms (cache hit)
497 http cache cross-spawn@https://registry.npmjs.org/cross-spawn/-/cross-spawn-7.0.6.tgz 0ms (cache hit)
498 http cache ms@https://registry.npmjs.org/ms/-/ms-2.0.0.tgz 0ms (cache hit)
499 http cache mime-db@https://registry.npmjs.org/mime-db/-/mime-db-1.54.0.tgz 0ms (cache hit)
500 http cache vary@https://registry.npmjs.org/vary/-/vary-1.1.2.tgz 0ms (cache hit)
501 http cache safe-buffer@https://registry.npmjs.org/safe-buffer/-/safe-buffer-5.2.1.tgz 0ms (cache hit)
502 http cache on-headers@https://registry.npmjs.org/on-headers/-/on-headers-1.1.0.tgz 0ms (cache hit)
503 http cache negotiator@https://registry.npmjs.org/negotiator/-/negotiator-0.6.4.tgz 0ms (cache hit)
504 http cache debug@https://registry.npmjs.org/debug/-/debug-2.6.9.tgz 0ms (cache hit)
505 http cache compressible@https://registry.npmjs.org/compressible/-/compressible-2.0.18.tgz 0ms (cache hit)
506 http cache bytes@https://registry.npmjs.org/bytes/-/bytes-3.1.2.tgz 0ms (cache hit)
507 http cache is-wsl@https://registry.npmjs.org/is-wsl/-/is-wsl-2.2.0.tgz 0ms (cache hit)
508 http cache execa@https://registry.npmjs.org/execa/-/execa-5.1.1.tgz 0ms (cache hit)
509 http cache arch@https://registry.npmjs.org/arch/-/arch-2.2.0.tgz 1ms (cache hit)
510 http cache wrap-ansi@https://registry.npmjs.org/wrap-ansi/-/wrap-ansi-8.1.0.tgz 0ms (cache hit)
511 http cache widest-line@https://registry.npmjs.org/widest-line/-/widest-line-4.0.1.tgz 0ms (cache hit)
512 http cache type-fest@https://registry.npmjs.org/type-fest/-/type-fest-2.19.0.tgz 0ms (cache hit)
513 http cache string-width@https://registry.npmjs.org/string-width/-/string-width-5.1.2.tgz 0ms (cache hit)
514 http cache cli-boxes@https://registry.npmjs.org/cli-boxes/-/cli-boxes-3.0.0.tgz 0ms (cache hit)
515 http cache ansi-align@https://registry.npmjs.org/ansi-align/-/ansi-align-3.0.1.tgz 0ms (cache hit)
516 http cache camelcase@https://registry.npmjs.org/camelcase/-/camelcase-7.0.1.tgz 0ms (cache hit)
517 http cache require-from-string@https://registry.npmjs.org/require-from-string/-/require-from-string-2.0.2.tgz 0ms (cache hit)
518 http cache json-schema-traverse@https://registry.npmjs.org/json-schema-traverse/-/json-schema-traverse-1.0.0.tgz 0ms (cache hit)
519 http cache fast-uri@https://registry.npmjs.org/fast-uri/-/fast-uri-3.1.0.tgz 0ms (cache hit)
520 http cache fast-deep-equal@https://registry.npmjs.org/fast-deep-equal/-/fast-deep-equal-3.1.3.tgz 0ms (cache hit)
521 http cache update-check@https://registry.npmjs.org/update-check/-/update-check-1.5.4.tgz 0ms (cache hit)
522 http cache serve-handler@https://registry.npmjs.org/serve-handler/-/serve-handler-6.1.7.tgz 0ms (cache hit)
523 http cache is-port-reachable@https://registry.npmjs.org/is-port-reachable/-/is-port-reachable-4.0.0.tgz 0ms (cache hit)
524 http cache compression@https://registry.npmjs.org/compression/-/compression-1.8.1.tgz 0ms (cache hit)
525 http cache chalk-template@https://registry.npmjs.org/chalk-template/-/chalk-template-0.4.0.tgz 0ms (cache hit)
526 http cache clipboardy@https://registry.npmjs.org/clipboardy/-/clipboardy-3.0.0.tgz 0ms (cache hit)
527 http cache chalk@https://registry.npmjs.org/chalk/-/chalk-5.0.1.tgz 0ms (cache hit)
528 http cache boxen@https://registry.npmjs.org/boxen/-/boxen-7.0.0.tgz 0ms (cache hit)
529 http cache arg@https://registry.npmjs.org/arg/-/arg-5.0.2.tgz 0ms (cache hit)
530 http cache ajv@https://registry.npmjs.org/ajv/-/ajv-8.18.0.tgz 0ms (cache hit)
531 http cache @zeit/schemas@https://registry.npmjs.org/@zeit/schemas/-/schemas-2.36.0.tgz 0ms (cache hit)
532 http cache serve@https://registry.npmjs.org/serve/-/serve-14.2.6.tgz 0ms (cache hit)
533 http cache ansi-regex@https://registry.npmjs.org/ansi-regex/-/ansi-regex-5.0.1.tgz 0ms (cache hit)
534 http cache mime-db@https://registry.npmjs.org/mime-db/-/mime-db-1.33.0.tgz 0ms (cache hit)
535 http cache strip-ansi@https://registry.npmjs.org/strip-ansi/-/strip-ansi-6.0.1.tgz 0ms (cache hit)
536 http cache emoji-regex@https://registry.npmjs.org/emoji-regex/-/emoji-regex-8.0.0.tgz 0ms (cache hit)
537 http cache string-width@https://registry.npmjs.org/string-width/-/string-width-4.2.3.tgz 0ms (cache hit)
538 http cache bytes@https://registry.npmjs.org/bytes/-/bytes-3.0.0.tgz 0ms (cache hit)
539 http cache ansi-styles@https://registry.npmjs.org/ansi-styles/-/ansi-styles-4.3.0.tgz 0ms (cache hit)
540 http cache chalk@https://registry.npmjs.org/chalk/-/chalk-4.1.2.tgz 0ms (cache hit)
541 http cache registry-url@https://registry.npmjs.org/registry-url/-/registry-url-3.1.0.tgz 0ms (cache hit)
542 http cache minimist@https://registry.npmjs.org/minimist/-/minimist-1.2.8.tgz 0ms (cache hit)
543 silly tarball no local data for color-name@https://registry.npmjs.org/color-name/-/color-name-1.1.4.tgz. Extracting by manifest.
544 silly tarball no local data for color-convert@https://registry.npmjs.org/color-convert/-/color-convert-2.0.1.tgz. Extracting by manifest.
545 silly tarball no local data for has-flag@https://registry.npmjs.org/has-flag/-/has-flag-4.0.0.tgz. Extracting by manifest.
546 silly tarball no local data for supports-color@https://registry.npmjs.org/supports-color/-/supports-color-7.2.0.tgz. Extracting by manifest.
547 silly tarball no local data for ansi-styles@https://registry.npmjs.org/ansi-styles/-/ansi-styles-6.2.3.tgz. Extracting by manifest.
548 silly tarball no local data for isexe@https://registry.npmjs.org/isexe/-/isexe-2.0.0.tgz. Extracting by manifest.
549 silly tarball no local data for strip-json-comments@https://registry.npmjs.org/strip-json-comments/-/strip-json-comments-2.0.1.tgz. Extracting by manifest.
550 silly tarball no local data for is-fullwidth-code-point@https://registry.npmjs.org/is-fullwidth-code-point/-/is-fullwidth-code-point-3.0.0.tgz. Extracting by manifest.
551 silly tarball no local data for deep-extend@https://registry.npmjs.org/deep-extend/-/deep-extend-0.6.0.tgz. Extracting by manifest.
552 silly tarball no local data for rc@https://registry.npmjs.org/rc/-/rc-1.2.8.tgz. Extracting by manifest.
553 silly tarball no local data for ini@https://registry.npmjs.org/ini/-/ini-1.3.8.tgz. Extracting by manifest.
554 silly tarball no local data for registry-auth-token@https://registry.npmjs.org/registry-auth-token/-/registry-auth-token-3.3.2.tgz. Extracting by manifest.
555 silly tarball no local data for ansi-regex@https://registry.npmjs.org/ansi-regex/-/ansi-regex-6.2.2.tgz. Extracting by manifest.
556 silly tarball no local data for strip-ansi@https://registry.npmjs.org/strip-ansi/-/strip-ansi-7.2.0.tgz. Extracting by manifest.
557 silly tarball no local data for emoji-regex@https://registry.npmjs.org/emoji-regex/-/emoji-regex-9.2.2.tgz. Extracting by manifest.
558 silly tarball no local data for eastasianwidth@https://registry.npmjs.org/eastasianwidth/-/eastasianwidth-0.2.0.tgz. Extracting by manifest.
559 silly tarball no local data for shebang-regex@https://registry.npmjs.org/shebang-regex/-/shebang-regex-3.0.0.tgz. Extracting by manifest.
560 silly tarball no local data for concat-map@https://registry.npmjs.org/concat-map/-/concat-map-0.0.1.tgz. Extracting by manifest.
561 silly tarball no local data for balanced-match@https://registry.npmjs.org/balanced-match/-/balanced-match-1.0.2.tgz. Extracting by manifest.
562 silly tarball no local data for brace-expansion@https://registry.npmjs.org/brace-expansion/-/brace-expansion-1.1.12.tgz. Extracting by manifest.
563 silly tarball no local data for range-parser@https://registry.npmjs.org/range-parser/-/range-parser-1.2.0.tgz. Extracting by manifest.
564 silly tarball no local data for path-to-regexp@https://registry.npmjs.org/path-to-regexp/-/path-to-regexp-3.3.0.tgz. Extracting by manifest.
565 silly tarball no local data for path-is-inside@https://registry.npmjs.org/path-is-inside/-/path-is-inside-1.0.2.tgz. Extracting by manifest.
566 silly tarball no local data for minimatch@https://registry.npmjs.org/minimatch/-/minimatch-3.1.5.tgz. Extracting by manifest.
567 silly tarball no local data for mime-types@https://registry.npmjs.org/mime-types/-/mime-types-2.1.18.tgz. Extracting by manifest.
568 silly tarball no local data for mimic-fn@https://registry.npmjs.org/mimic-fn/-/mimic-fn-2.1.0.tgz. Extracting by manifest.
569 silly tarball no local data for content-disposition@https://registry.npmjs.org/content-disposition/-/content-disposition-0.5.2.tgz. Extracting by manifest.
570 silly tarball no local data for is-docker@https://registry.npmjs.org/is-docker/-/is-docker-2.2.1.tgz. Extracting by manifest.
571 silly tarball no local data for which@https://registry.npmjs.org/which/-/which-2.0.2.tgz. Extracting by manifest.
572 silly tarball no local data for shebang-command@https://registry.npmjs.org/shebang-command/-/shebang-command-2.0.0.tgz. Extracting by manifest.
573 silly tarball no local data for path-key@https://registry.npmjs.org/path-key/-/path-key-3.1.1.tgz. Extracting by manifest.
574 silly tarball no local data for strip-final-newline@https://registry.npmjs.org/strip-final-newline/-/strip-final-newline-2.0.0.tgz. Extracting by manifest.
575 silly tarball no local data for signal-exit@https://registry.npmjs.org/signal-exit/-/signal-exit-3.0.7.tgz. Extracting by manifest.
576 silly tarball no local data for onetime@https://registry.npmjs.org/onetime/-/onetime-5.1.2.tgz. Extracting by manifest.
577 silly tarball no local data for npm-run-path@https://registry.npmjs.org/npm-run-path/-/npm-run-path-4.0.1.tgz. Extracting by manifest.
578 silly tarball no local data for merge-stream@https://registry.npmjs.org/merge-stream/-/merge-stream-2.0.0.tgz. Extracting by manifest.
579 silly tarball no local data for is-stream@https://registry.npmjs.org/is-stream/-/is-stream-2.0.1.tgz. Extracting by manifest.
580 silly tarball no local data for human-signals@https://registry.npmjs.org/human-signals/-/human-signals-2.1.0.tgz. Extracting by manifest.
581 silly tarball no local data for get-stream@https://registry.npmjs.org/get-stream/-/get-stream-6.0.1.tgz. Extracting by manifest.
582 silly tarball no local data for cross-spawn@https://registry.npmjs.org/cross-spawn/-/cross-spawn-7.0.6.tgz. Extracting by manifest.
583 silly tarball no local data for ms@https://registry.npmjs.org/ms/-/ms-2.0.0.tgz. Extracting by manifest.
584 silly tarball no local data for mime-db@https://registry.npmjs.org/mime-db/-/mime-db-1.54.0.tgz. Extracting by manifest.
585 silly tarball no local data for vary@https://registry.npmjs.org/vary/-/vary-1.1.2.tgz. Extracting by manifest.
586 silly tarball no local data for safe-buffer@https://registry.npmjs.org/safe-buffer/-/safe-buffer-5.2.1.tgz. Extracting by manifest.
587 silly tarball no local data for on-headers@https://registry.npmjs.org/on-headers/-/on-headers-1.1.0.tgz. Extracting by manifest.
588 silly tarball no local data for negotiator@https://registry.npmjs.org/negotiator/-/negotiator-0.6.4.tgz. Extracting by manifest.
589 silly tarball no local data for debug@https://registry.npmjs.org/debug/-/debug-2.6.9.tgz. Extracting by manifest.
590 silly tarball no local data for compressible@https://registry.npmjs.org/compressible/-/compressible-2.0.18.tgz. Extracting by manifest.
591 silly tarball no local data for bytes@https://registry.npmjs.org/bytes/-/bytes-3.1.2.tgz. Extracting by manifest.
592 silly tarball no local data for is-wsl@https://registry.npmjs.org/is-wsl/-/is-wsl-2.2.0.tgz. Extracting by manifest.
593 silly tarball no local data for execa@https://registry.npmjs.org/execa/-/execa-5.1.1.tgz. Extracting by manifest.
594 silly tarball no local data for arch@https://registry.npmjs.org/arch/-/arch-2.2.0.tgz. Extracting by manifest.
595 silly tarball no local data for wrap-ansi@https://registry.npmjs.org/wrap-ansi/-/wrap-ansi-8.1.0.tgz. Extracting by manifest.
596 silly tarball no local data for widest-line@https://registry.npmjs.org/widest-line/-/widest-line-4.0.1.tgz. Extracting by manifest.
597 silly tarball no local data for type-fest@https://registry.npmjs.org/type-fest/-/type-fest-2.19.0.tgz. Extracting by manifest.
598 silly tarball no local data for string-width@https://registry.npmjs.org/string-width/-/string-width-5.1.2.tgz. Extracting by manifest.
599 silly tarball no local data for cli-boxes@https://registry.npmjs.org/cli-boxes/-/cli-boxes-3.0.0.tgz. Extracting by manifest.
600 silly tarball no local data for ansi-align@https://registry.npmjs.org/ansi-align/-/ansi-align-3.0.1.tgz. Extracting by manifest.
601 silly tarball no local data for camelcase@https://registry.npmjs.org/camelcase/-/camelcase-7.0.1.tgz. Extracting by manifest.
602 silly tarball no local data for require-from-string@https://registry.npmjs.org/require-from-string/-/require-from-string-2.0.2.tgz. Extracting by manifest.
603 silly tarball no local data for json-schema-traverse@https://registry.npmjs.org/json-schema-traverse/-/json-schema-traverse-1.0.0.tgz. Extracting by manifest.
604 silly tarball no local data for fast-uri@https://registry.npmjs.org/fast-uri/-/fast-uri-3.1.0.tgz. Extracting by manifest.
605 silly tarball no local data for fast-deep-equal@https://registry.npmjs.org/fast-deep-equal/-/fast-deep-equal-3.1.3.tgz. Extracting by manifest.
606 silly tarball no local data for update-check@https://registry.npmjs.org/update-check/-/update-check-1.5.4.tgz. Extracting by manifest.
607 silly tarball no local data for serve-handler@https://registry.npmjs.org/serve-handler/-/serve-handler-6.1.7.tgz. Extracting by manifest.
608 silly tarball no local data for is-port-reachable@https://registry.npmjs.org/is-port-reachable/-/is-port-reachable-4.0.0.tgz. Extracting by manifest.
609 silly tarball no local data for compression@https://registry.npmjs.org/compression/-/compression-1.8.1.tgz. Extracting by manifest.
610 silly tarball no local data for chalk-template@https://registry.npmjs.org/chalk-template/-/chalk-template-0.4.0.tgz. Extracting by manifest.
611 silly tarball no local data for clipboardy@https://registry.npmjs.org/clipboardy/-/clipboardy-3.0.0.tgz. Extracting by manifest.
612 silly tarball no local data for chalk@https://registry.npmjs.org/chalk/-/chalk-5.0.1.tgz. Extracting by manifest.
613 silly tarball no local data for boxen@https://registry.npmjs.org/boxen/-/boxen-7.0.0.tgz. Extracting by manifest.
614 silly tarball no local data for arg@https://registry.npmjs.org/arg/-/arg-5.0.2.tgz. Extracting by manifest.
615 silly tarball no local data for ajv@https://registry.npmjs.org/ajv/-/ajv-8.18.0.tgz. Extracting by manifest.
616 silly tarball no local data for @zeit/schemas@https://registry.npmjs.org/@zeit/schemas/-/schemas-2.36.0.tgz. Extracting by manifest.
617 silly tarball no local data for serve@https://registry.npmjs.org/serve/-/serve-14.2.6.tgz. Extracting by manifest.
618 silly tarball no local data for ansi-regex@https://registry.npmjs.org/ansi-regex/-/ansi-regex-5.0.1.tgz. Extracting by manifest.
619 silly tarball no local data for mime-db@https://registry.npmjs.org/mime-db/-/mime-db-1.33.0.tgz. Extracting by manifest.
620 silly tarball no local data for strip-ansi@https://registry.npmjs.org/strip-ansi/-/strip-ansi-6.0.1.tgz. Extracting by manifest.
621 silly tarball no local data for emoji-regex@https://registry.npmjs.org/emoji-regex/-/emoji-regex-8.0.0.tgz. Extracting by manifest.
622 silly tarball no local data for string-width@https://registry.npmjs.org/string-width/-/string-width-4.2.3.tgz. Extracting by manifest.
623 silly tarball no local data for bytes@https://registry.npmjs.org/bytes/-/bytes-3.0.0.tgz. Extracting by manifest.
624 silly tarball no local data for ansi-styles@https://registry.npmjs.org/ansi-styles/-/ansi-styles-4.3.0.tgz. Extracting by manifest.
625 silly tarball no local data for chalk@https://registry.npmjs.org/chalk/-/chalk-4.1.2.tgz. Extracting by manifest.
626 silly tarball no local data for registry-url@https://registry.npmjs.org/registry-url/-/registry-url-3.1.0.tgz. Extracting by manifest.
627 silly tarball no local data for minimist@https://registry.npmjs.org/minimist/-/minimist-1.2.8.tgz. Extracting by manifest.
628 http fetch POST 200 https://registry.npmjs.org/-/npm/v1/security/advisories/bulk 529ms
629 silly audit report {}
630 http fetch GET 200 https://registry.npmjs.org/color-name/-/color-name-1.1.4.tgz 560ms (cache miss)
631 http fetch GET 200 https://registry.npmjs.org/color-convert/-/color-convert-2.0.1.tgz 561ms (cache miss)
632 http fetch GET 200 https://registry.npmjs.org/supports-color/-/supports-color-7.2.0.tgz 601ms (cache miss)
633 http fetch GET 200 https://registry.npmjs.org/isexe/-/isexe-2.0.0.tgz 599ms (cache miss)
634 http fetch GET 200 https://registry.npmjs.org/has-flag/-/has-flag-4.0.0.tgz 623ms (cache miss)
635 http fetch GET 200 https://registry.npmjs.org/ansi-styles/-/ansi-styles-6.2.3.tgz 621ms (cache miss)
636 http fetch GET 200 https://registry.npmjs.org/concat-map/-/concat-map-0.0.1.tgz 619ms (cache miss)
637 http fetch GET 200 https://registry.npmjs.org/eastasianwidth/-/eastasianwidth-0.2.0.tgz 625ms (cache miss)
638 http fetch GET 200 https://registry.npmjs.org/shebang-regex/-/shebang-regex-3.0.0.tgz 670ms (cache miss)
639 http fetch GET 200 https://registry.npmjs.org/balanced-match/-/balanced-match-1.0.2.tgz 669ms (cache miss)
640 http fetch GET 200 https://registry.npmjs.org/brace-expansion/-/brace-expansion-1.1.12.tgz 704ms (cache miss)
641 http fetch GET 200 https://registry.npmjs.org/path-to-regexp/-/path-to-regexp-3.3.0.tgz 703ms (cache miss)
642 http fetch GET 200 https://registry.npmjs.org/range-parser/-/range-parser-1.2.0.tgz 713ms (cache miss)
643 http fetch GET 200 https://registry.npmjs.org/path-is-inside/-/path-is-inside-1.0.2.tgz 807ms (cache miss)
644 http fetch GET 200 https://registry.npmjs.org/mimic-fn/-/mimic-fn-2.1.0.tgz 806ms (cache miss)
645 http fetch GET 200 https://registry.npmjs.org/mime-types/-/mime-types-2.1.18.tgz 838ms (cache miss)
646 http fetch GET 200 https://registry.npmjs.org/minimatch/-/minimatch-3.1.5.tgz 886ms (cache miss)
647 http fetch GET 200 https://registry.npmjs.org/is-fullwidth-code-point/-/is-fullwidth-code-point-3.0.0.tgz 963ms (cache miss)
648 http fetch GET 200 https://registry.npmjs.org/emoji-regex/-/emoji-regex-9.2.2.tgz 982ms (cache miss)
649 http fetch GET 200 https://registry.npmjs.org/shebang-command/-/shebang-command-2.0.0.tgz 1122ms (cache miss)
650 http fetch GET 200 https://registry.npmjs.org/content-disposition/-/content-disposition-0.5.2.tgz 1146ms (cache miss)
651 http fetch GET 200 https://registry.npmjs.org/rc/-/rc-1.2.8.tgz 1194ms (cache miss)
652 http fetch GET 200 https://registry.npmjs.org/is-docker/-/is-docker-2.2.1.tgz 1167ms (cache miss)
653 http fetch GET 200 https://registry.npmjs.org/strip-final-newline/-/strip-final-newline-2.0.0.tgz 1172ms (cache miss)
654 http fetch GET 200 https://registry.npmjs.org/strip-json-comments/-/strip-json-comments-2.0.1.tgz 1224ms (cache miss)
655 http fetch GET 200 https://registry.npmjs.org/which/-/which-2.0.2.tgz 1181ms (cache miss)
656 http fetch GET 200 https://registry.npmjs.org/ansi-regex/-/ansi-regex-6.2.2.tgz 1223ms (cache miss)
657 http fetch GET 200 https://registry.npmjs.org/path-key/-/path-key-3.1.1.tgz 1186ms (cache miss)
658 http fetch GET 200 https://registry.npmjs.org/signal-exit/-/signal-exit-3.0.7.tgz 1182ms (cache miss)
659 http fetch GET 200 https://registry.npmjs.org/onetime/-/onetime-5.1.2.tgz 1189ms (cache miss)
660 http fetch GET 200 https://registry.npmjs.org/strip-ansi/-/strip-ansi-7.2.0.tgz 1242ms (cache miss)
661 http fetch GET 200 https://registry.npmjs.org/is-stream/-/is-stream-2.0.1.tgz 1195ms (cache miss)
662 http fetch GET 200 https://registry.npmjs.org/merge-stream/-/merge-stream-2.0.0.tgz 1198ms (cache miss)
663 http fetch GET 200 https://registry.npmjs.org/deep-extend/-/deep-extend-0.6.0.tgz 1265ms (cache miss)
664 http fetch GET 200 https://registry.npmjs.org/ini/-/ini-1.3.8.tgz 1262ms (cache miss)
665 http fetch GET 200 https://registry.npmjs.org/vary/-/vary-1.1.2.tgz 1200ms (cache miss)
666 http fetch GET 200 https://registry.npmjs.org/npm-run-path/-/npm-run-path-4.0.1.tgz 1223ms (cache miss)
667 http fetch GET 200 https://registry.npmjs.org/safe-buffer/-/safe-buffer-5.2.1.tgz 1209ms (cache miss)
668 http fetch GET 200 https://registry.npmjs.org/ms/-/ms-2.0.0.tgz 1234ms (cache miss)
669 http fetch GET 200 https://registry.npmjs.org/is-wsl/-/is-wsl-2.2.0.tgz 1220ms (cache miss)
670 http fetch GET 200 https://registry.npmjs.org/get-stream/-/get-stream-6.0.1.tgz 1252ms (cache miss)
671 http fetch GET 200 https://registry.npmjs.org/on-headers/-/on-headers-1.1.0.tgz 1242ms (cache miss)
672 http fetch GET 200 https://registry.npmjs.org/negotiator/-/negotiator-0.6.4.tgz 1243ms (cache miss)
673 http fetch GET 200 https://registry.npmjs.org/compressible/-/compressible-2.0.18.tgz 1241ms (cache miss)
674 http fetch GET 200 https://registry.npmjs.org/is-port-reachable/-/is-port-reachable-4.0.0.tgz 1215ms (cache miss)
675 http fetch GET 200 https://registry.npmjs.org/bytes/-/bytes-3.1.2.tgz 1263ms (cache miss)
676 http fetch GET 200 https://registry.npmjs.org/widest-line/-/widest-line-4.0.1.tgz 1256ms (cache miss)
677 http fetch GET 200 https://registry.npmjs.org/ansi-align/-/ansi-align-3.0.1.tgz 1251ms (cache miss)
678 http fetch GET 200 https://registry.npmjs.org/camelcase/-/camelcase-7.0.1.tgz 1251ms (cache miss)
679 http fetch GET 200 https://registry.npmjs.org/require-from-string/-/require-from-string-2.0.2.tgz 1250ms (cache miss)
680 http fetch GET 200 https://registry.npmjs.org/arch/-/arch-2.2.0.tgz 1283ms (cache miss)
681 http fetch GET 200 https://registry.npmjs.org/serve-handler/-/serve-handler-6.1.7.tgz 1263ms (cache miss)
682 http fetch GET 200 https://registry.npmjs.org/wrap-ansi/-/wrap-ansi-8.1.0.tgz 1298ms (cache miss)
683 http fetch GET 200 https://registry.npmjs.org/cli-boxes/-/cli-boxes-3.0.0.tgz 1293ms (cache miss)
684 http fetch GET 200 https://registry.npmjs.org/string-width/-/string-width-5.1.2.tgz 1308ms (cache miss)
685 http fetch GET 200 https://registry.npmjs.org/chalk/-/chalk-5.0.1.tgz 1288ms (cache miss)
686 http fetch GET 200 https://registry.npmjs.org/compression/-/compression-1.8.1.tgz 1302ms (cache miss)
687 http fetch GET 200 https://registry.npmjs.org/chalk-template/-/chalk-template-0.4.0.tgz 1308ms (cache miss)
688 http fetch GET 200 https://registry.npmjs.org/update-check/-/update-check-1.5.4.tgz 1324ms (cache miss)
689 http fetch GET 200 https://registry.npmjs.org/fast-deep-equal/-/fast-deep-equal-3.1.3.tgz 1334ms (cache miss)
690 http fetch GET 200 https://registry.npmjs.org/arg/-/arg-5.0.2.tgz 1327ms (cache miss)
691 http fetch GET 200 https://registry.npmjs.org/boxen/-/boxen-7.0.0.tgz 1346ms (cache miss)
692 http fetch GET 200 https://registry.npmjs.org/ansi-regex/-/ansi-regex-5.0.1.tgz 1351ms (cache miss)
693 http fetch GET 200 https://registry.npmjs.org/registry-auth-token/-/registry-auth-token-3.3.2.tgz 1471ms (cache miss)
694 http fetch GET 200 https://registry.npmjs.org/strip-ansi/-/strip-ansi-6.0.1.tgz 1351ms (cache miss)
695 http fetch GET 200 https://registry.npmjs.org/cross-spawn/-/cross-spawn-7.0.6.tgz 1430ms (cache miss)
696 http fetch GET 200 https://registry.npmjs.org/json-schema-traverse/-/json-schema-traverse-1.0.0.tgz 1395ms (cache miss)
697 http fetch GET 200 https://registry.npmjs.org/emoji-regex/-/emoji-regex-8.0.0.tgz 1367ms (cache miss)
698 http fetch GET 200 https://registry.npmjs.org/bytes/-/bytes-3.0.0.tgz 1369ms (cache miss)
699 http fetch GET 200 https://registry.npmjs.org/string-width/-/string-width-4.2.3.tgz 1373ms (cache miss)
700 http fetch GET 200 https://registry.npmjs.org/ansi-styles/-/ansi-styles-4.3.0.tgz 1371ms (cache miss)
701 http fetch GET 200 https://registry.npmjs.org/mime-db/-/mime-db-1.54.0.tgz 1442ms (cache miss)
702 http fetch GET 200 https://registry.npmjs.org/registry-url/-/registry-url-3.1.0.tgz 1375ms (cache miss)
703 http fetch GET 200 https://registry.npmjs.org/serve/-/serve-14.2.6.tgz 1394ms (cache miss)
704 http fetch GET 200 https://registry.npmjs.org/debug/-/debug-2.6.9.tgz 1446ms (cache miss)
705 http fetch GET 200 https://registry.npmjs.org/mime-db/-/mime-db-1.33.0.tgz 1409ms (cache miss)
706 http fetch GET 200 https://registry.npmjs.org/human-signals/-/human-signals-2.1.0.tgz 1492ms (cache miss)
707 http fetch GET 200 https://registry.npmjs.org/execa/-/execa-5.1.1.tgz 1487ms (cache miss)
708 http fetch GET 200 https://registry.npmjs.org/chalk/-/chalk-4.1.2.tgz 1439ms (cache miss)
709 http fetch GET 200 https://registry.npmjs.org/@zeit/schemas/-/schemas-2.36.0.tgz 1485ms (cache miss)
710 http fetch GET 200 https://registry.npmjs.org/minimist/-/minimist-1.2.8.tgz 1482ms (cache miss)
711 http fetch GET 200 https://registry.npmjs.org/fast-uri/-/fast-uri-3.1.0.tgz 1531ms (cache miss)
712 http fetch GET 200 https://registry.npmjs.org/clipboardy/-/clipboardy-3.0.0.tgz 1523ms (cache miss)
713 http fetch GET 200 https://registry.npmjs.org/type-fest/-/type-fest-2.19.0.tgz 1579ms (cache miss)
714 http fetch GET 200 https://registry.npmjs.org/ajv/-/ajv-8.18.0.tgz 1844ms (cache miss)
