0 verbose cli /data/data/com.termux/files/usr/bin/node /data/data/com.termux/files/usr/bin/npm
1 info using npm@11.12.0
2 info using node@v25.8.1
3 silly config load:file:/data/data/com.termux/files/usr/lib/node_modules/npm/npmrc
4 silly config load:file:/data/data/com.termux/files/home/.npmrc
5 silly config load:file:/data/data/com.termux/files/usr/etc/npmrc
6 verbose title npm install mongodb
7 verbose argv "install" "mongodb"
8 verbose logfile logs-max:10 dir:/data/data/com.termux/files/home/.npm/_logs/2026-03-26T18_56_08_147Z-
9 verbose logfile /data/data/com.termux/files/home/.npm/_logs/2026-03-26T18_56_08_147Z-debug-0.log
10 silly logfile done cleaning log files
11 silly packumentCache heap:1060110336 maxSize:265027584 maxEntrySize:132513792
12 silly idealTree buildDeps
13 silly fetch manifest mongodb@*
14 silly packumentCache full:https://registry.npmjs.org/mongodb cache-miss
15 http fetch GET 200 https://registry.npmjs.org/mongodb 3738ms (cache miss)
16 silly packumentCache full:https://registry.npmjs.org/mongodb set size:undefined disposed:false
17 silly fetch manifest @aws-sdk/credential-providers@^3.806.0
18 silly packumentCache full:https://registry.npmjs.org/@aws-sdk%2fcredential-providers cache-miss
19 http fetch GET 200 https://registry.npmjs.org/@aws-sdk%2fcredential-providers 627ms (cache miss)
20 silly packumentCache full:https://registry.npmjs.org/@aws-sdk%2fcredential-providers set size:undefined disposed:false
21 silly fetch manifest @mongodb-js/zstd@^7.0.0
22 silly packumentCache full:https://registry.npmjs.org/@mongodb-js%2fzstd cache-miss
23 http fetch GET 200 https://registry.npmjs.org/@mongodb-js%2fzstd 655ms (cache miss)
24 silly packumentCache full:https://registry.npmjs.org/@mongodb-js%2fzstd set size:undefined disposed:false
25 silly fetch manifest gcp-metadata@^7.0.1
26 silly packumentCache full:https://registry.npmjs.org/gcp-metadata cache-miss
27 http fetch GET 200 https://registry.npmjs.org/gcp-metadata 1125ms (cache miss)
28 silly packumentCache full:https://registry.npmjs.org/gcp-metadata set size:undefined disposed:false
29 silly fetch manifest kerberos@^7.0.0
30 silly packumentCache full:https://registry.npmjs.org/kerberos cache-miss
31 http fetch GET 200 https://registry.npmjs.org/kerberos 375ms (cache miss)
32 silly packumentCache full:https://registry.npmjs.org/kerberos set size:undefined disposed:false
33 silly fetch manifest mongodb-client-encryption@>=7.0.0 <7.1.0
34 silly packumentCache full:https://registry.npmjs.org/mongodb-client-encryption cache-miss
35 http fetch GET 200 https://registry.npmjs.org/mongodb-client-encryption 595ms (cache miss)
36 silly packumentCache full:https://registry.npmjs.org/mongodb-client-encryption set size:undefined disposed:false
37 silly fetch manifest snappy@^7.3.2
38 silly packumentCache full:https://registry.npmjs.org/snappy cache-miss
39 http fetch GET 200 https://registry.npmjs.org/snappy 914ms (cache miss)
40 silly packumentCache full:https://registry.npmjs.org/snappy set size:undefined disposed:false
41 silly fetch manifest socks@^2.8.6
42 silly packumentCache full:https://registry.npmjs.org/socks cache-miss
43 http fetch GET 200 https://registry.npmjs.org/socks 1526ms (cache miss)
44 silly packumentCache full:https://registry.npmjs.org/socks set size:undefined disposed:false
45 silly placeDep ROOT mongodb@7.1.1 OK for:  want: *
46 silly fetch manifest bson@^7.1.1
47 silly packumentCache full:https://registry.npmjs.org/bson cache-miss
48 silly fetch manifest @mongodb-js/saslprep@^1.3.0
49 silly packumentCache full:https://registry.npmjs.org/@mongodb-js%2fsaslprep cache-miss
50 silly fetch manifest mongodb-connection-string-url@^7.0.0
51 silly packumentCache full:https://registry.npmjs.org/mongodb-connection-string-url cache-miss
52 http fetch GET 200 https://registry.npmjs.org/bson 1019ms (cache miss)
53 silly packumentCache full:https://registry.npmjs.org/bson set size:undefined disposed:false
54 http fetch GET 200 https://registry.npmjs.org/@mongodb-js%2fsaslprep 2900ms (cache miss)
55 silly packumentCache full:https://registry.npmjs.org/@mongodb-js%2fsaslprep set size:undefined disposed:false
56 http fetch GET 200 https://registry.npmjs.org/mongodb-connection-string-url 3031ms (cache miss)
57 silly packumentCache full:https://registry.npmjs.org/mongodb-connection-string-url set size:undefined disposed:false
58 silly placeDep ROOT @mongodb-js/saslprep@1.4.6 OK for: mongodb@7.1.1 want: ^1.3.0
59 silly placeDep ROOT bson@7.2.0 OK for: mongodb@7.1.1 want: ^7.1.1
60 silly placeDep ROOT mongodb-connection-string-url@7.0.1 OK for: mongodb@7.1.1 want: ^7.0.0
61 silly fetch manifest sparse-bitfield@^3.0.3
62 silly packumentCache full:https://registry.npmjs.org/sparse-bitfield cache-miss
63 silly fetch manifest whatwg-url@^14.1.0
64 silly packumentCache full:https://registry.npmjs.org/whatwg-url cache-miss
65 silly fetch manifest @types/whatwg-url@^13.0.0
66 silly packumentCache full:https://registry.npmjs.org/@types%2fwhatwg-url cache-miss
67 http fetch GET 200 https://registry.npmjs.org/sparse-bitfield 799ms (cache miss)
68 silly packumentCache full:https://registry.npmjs.org/sparse-bitfield set size:undefined disposed:false
69 http fetch GET 200 https://registry.npmjs.org/whatwg-url 820ms (cache miss)
70 silly packumentCache full:https://registry.npmjs.org/whatwg-url set size:undefined disposed:false
71 http fetch GET 200 https://registry.npmjs.org/@types%2fwhatwg-url 1052ms (cache miss)
72 silly packumentCache full:https://registry.npmjs.org/@types%2fwhatwg-url set size:undefined disposed:false
73 silly placeDep ROOT sparse-bitfield@3.0.3 OK for: @mongodb-js/saslprep@1.4.6 want: ^3.0.3
74 silly fetch manifest memory-pager@^1.0.2
75 silly packumentCache full:https://registry.npmjs.org/memory-pager cache-miss
76 http fetch GET 200 https://registry.npmjs.org/memory-pager 173ms (cache miss)
77 silly packumentCache full:https://registry.npmjs.org/memory-pager set size:undefined disposed:false
78 silly placeDep ROOT @types/whatwg-url@13.0.0 OK for: mongodb-connection-string-url@7.0.1 want: ^13.0.0
79 silly placeDep ROOT whatwg-url@14.2.0 OK for: mongodb-connection-string-url@7.0.1 want: ^14.1.0
80 silly fetch manifest @types/webidl-conversions@*
81 silly packumentCache full:https://registry.npmjs.org/@types%2fwebidl-conversions cache-miss
82 silly fetch manifest tr46@^5.1.0
83 silly packumentCache full:https://registry.npmjs.org/tr46 cache-miss
84 silly fetch manifest webidl-conversions@^7.0.0
85 silly packumentCache full:https://registry.npmjs.org/webidl-conversions cache-miss
86 http fetch GET 200 https://registry.npmjs.org/tr46 182ms (cache miss)
87 silly packumentCache full:https://registry.npmjs.org/tr46 set size:undefined disposed:false
88 http fetch GET 200 https://registry.npmjs.org/webidl-conversions 202ms (cache miss)
89 silly packumentCache full:https://registry.npmjs.org/webidl-conversions set size:undefined disposed:false
90 http fetch GET 200 https://registry.npmjs.org/@types%2fwebidl-conversions 881ms (cache miss)
91 silly packumentCache full:https://registry.npmjs.org/@types%2fwebidl-conversions set size:undefined disposed:false
92 silly placeDep ROOT @types/webidl-conversions@7.0.3 OK for: @types/whatwg-url@13.0.0 want: *
93 silly placeDep ROOT memory-pager@1.5.0 OK for: sparse-bitfield@3.0.3 want: ^1.0.2
94 silly placeDep ROOT tr46@5.1.1 OK for: whatwg-url@14.2.0 want: ^5.1.0
95 silly placeDep ROOT webidl-conversions@7.0.0 OK for: whatwg-url@14.2.0 want: ^7.0.0
96 silly fetch manifest punycode@^2.3.1
97 silly packumentCache full:https://registry.npmjs.org/punycode cache-miss
98 http fetch GET 200 https://registry.npmjs.org/punycode 149ms (cache miss)
99 silly packumentCache full:https://registry.npmjs.org/punycode set size:undefined disposed:false
100 silly placeDep ROOT punycode@2.3.1 OK for: tr46@5.1.1 want: ^2.3.1
101 silly reify moves {}
102 http cache punycode@https://registry.npmjs.org/punycode/-/punycode-2.3.1.tgz 1ms (cache hit)
103 http cache webidl-conversions@https://registry.npmjs.org/webidl-conversions/-/webidl-conversions-7.0.0.tgz 0ms (cache hit)
104 http cache tr46@https://registry.npmjs.org/tr46/-/tr46-5.1.1.tgz 0ms (cache hit)
105 http cache memory-pager@https://registry.npmjs.org/memory-pager/-/memory-pager-1.5.0.tgz 0ms (cache hit)
106 http cache whatwg-url@https://registry.npmjs.org/whatwg-url/-/whatwg-url-14.2.0.tgz 0ms (cache hit)
107 http cache @types/whatwg-url@https://registry.npmjs.org/@types/whatwg-url/-/whatwg-url-13.0.0.tgz 0ms (cache hit)
108 http cache sparse-bitfield@https://registry.npmjs.org/sparse-bitfield/-/sparse-bitfield-3.0.3.tgz 0ms (cache hit)
109 http cache @types/webidl-conversions@https://registry.npmjs.org/@types/webidl-conversions/-/webidl-conversions-7.0.3.tgz 0ms (cache hit)
110 http cache mongodb-connection-string-url@https://registry.npmjs.org/mongodb-connection-string-url/-/mongodb-connection-string-url-7.0.1.tgz 0ms (cache hit)
111 http cache bson@https://registry.npmjs.org/bson/-/bson-7.2.0.tgz 0ms (cache hit)
112 http cache mongodb@https://registry.npmjs.org/mongodb/-/mongodb-7.1.1.tgz 0ms (cache hit)
113 http cache @mongodb-js/saslprep@https://registry.npmjs.org/@mongodb-js/saslprep/-/saslprep-1.4.6.tgz 0ms (cache hit)
114 silly tarball no local data for punycode@https://registry.npmjs.org/punycode/-/punycode-2.3.1.tgz. Extracting by manifest.
115 silly tarball no local data for webidl-conversions@https://registry.npmjs.org/webidl-conversions/-/webidl-conversions-7.0.0.tgz. Extracting by manifest.
116 silly tarball no local data for tr46@https://registry.npmjs.org/tr46/-/tr46-5.1.1.tgz. Extracting by manifest.
117 silly tarball no local data for @types/whatwg-url@https://registry.npmjs.org/@types/whatwg-url/-/whatwg-url-13.0.0.tgz. Extracting by manifest.
118 silly tarball no local data for sparse-bitfield@https://registry.npmjs.org/sparse-bitfield/-/sparse-bitfield-3.0.3.tgz. Extracting by manifest.
119 silly tarball no local data for mongodb-connection-string-url@https://registry.npmjs.org/mongodb-connection-string-url/-/mongodb-connection-string-url-7.0.1.tgz. Extracting by manifest.
120 silly tarball no local data for bson@https://registry.npmjs.org/bson/-/bson-7.2.0.tgz. Extracting by manifest.
121 silly tarball no local data for whatwg-url@https://registry.npmjs.org/whatwg-url/-/whatwg-url-14.2.0.tgz. Extracting by manifest.
122 silly tarball no local data for @types/webidl-conversions@https://registry.npmjs.org/@types/webidl-conversions/-/webidl-conversions-7.0.3.tgz. Extracting by manifest.
123 silly tarball no local data for mongodb@https://registry.npmjs.org/mongodb/-/mongodb-7.1.1.tgz. Extracting by manifest.
124 silly tarball no local data for memory-pager@https://registry.npmjs.org/memory-pager/-/memory-pager-1.5.0.tgz. Extracting by manifest.
125 silly tarball no local data for @mongodb-js/saslprep@https://registry.npmjs.org/@mongodb-js/saslprep/-/saslprep-1.4.6.tgz. Extracting by manifest.
126 http fetch GET 200 https://registry.npmjs.org/punycode/-/punycode-2.3.1.tgz 367ms (cache miss)
127 http fetch GET 200 https://registry.npmjs.org/webidl-conversions/-/webidl-conversions-7.0.0.tgz 368ms (cache miss)
128 http fetch GET 200 https://registry.npmjs.org/tr46/-/tr46-5.1.1.tgz 530ms (cache miss)
129 http fetch GET 200 https://registry.npmjs.org/mongodb-connection-string-url/-/mongodb-connection-string-url-7.0.1.tgz 2695ms (cache miss)
130 http fetch GET 200 https://registry.npmjs.org/sparse-bitfield/-/sparse-bitfield-3.0.3.tgz 2700ms (cache miss)
131 http fetch GET 200 https://registry.npmjs.org/whatwg-url/-/whatwg-url-14.2.0.tgz 2850ms (cache miss)
132 http fetch GET 200 https://registry.npmjs.org/@types/whatwg-url/-/whatwg-url-13.0.0.tgz 2961ms (cache miss)
133 http fetch GET 200 https://registry.npmjs.org/bson/-/bson-7.2.0.tgz 3191ms (cache miss)
134 http fetch GET 200 https://registry.npmjs.org/memory-pager/-/memory-pager-1.5.0.tgz 4051ms (cache miss)
135 http fetch GET 200 https://registry.npmjs.org/@types/webidl-conversions/-/webidl-conversions-7.0.3.tgz 4777ms (cache miss)
136 http fetch GET 200 https://registry.npmjs.org/mongodb/-/mongodb-7.1.1.tgz 4858ms (cache miss)
137 http fetch GET 200 https://registry.npmjs.org/@mongodb-js/saslprep/-/saslprep-1.4.6.tgz 5501ms (cache miss)
138 silly ADD node_modules/punycode
139 silly ADD node_modules/webidl-conversions
140 silly ADD node_modules/tr46
141 silly ADD node_modules/memory-pager
142 silly ADD node_modules/@types/webidl-conversions
143 silly ADD node_modules/whatwg-url
144 silly ADD node_modules/@types/whatwg-url
145 silly ADD node_modules/sparse-bitfield
146 silly ADD node_modules/mongodb-connection-string-url
147 silly ADD node_modules/bson
148 silly ADD node_modules/@mongodb-js/saslprep
149 silly ADD node_modules/mongodb
150 verbose cwd /data/data/com.termux/files/home
151 verbose os Linux 4.19.157-perf+
152 verbose node v25.8.1
153 verbose npm  v11.12.0
154 verbose exit 0
155 info ok
