0 verbose cli /data/data/com.termux/files/usr/bin/node /data/data/com.termux/files/usr/lib/node_modules/npm/bin/npm-cli.js
1 info using npm@11.12.0
2 info using node@v25.8.1
3 silly config load:file:/data/data/com.termux/files/usr/lib/node_modules/npm/npmrc
4 silly config load:file:/data/data/com.termux/files/home/.npmrc
5 silly config load:file:/data/data/com.termux/files/usr/etc/npmrc
6 verbose title npm exec serve
7 verbose argv "exec" "--" "serve"
8 verbose logfile logs-max:10 dir:/data/data/com.termux/files/home/.npm/_logs/2026-03-24T18_01_34_486Z-
9 verbose logfile /data/data/com.termux/files/home/.npm/_logs/2026-03-24T18_01_34_486Z-debug-0.log
10 silly logfile done cleaning log files
11 silly packumentCache heap:1060110336 maxSize:265027584 maxEntrySize:132513792
12 http fetch GET 200 https://registry.npmjs.org/serve 1373ms (cache revalidated)
13 silly packumentCache heap:1060110336 maxSize:265027584 maxEntrySize:132513792
14 silly packumentCache heap:1060110336 maxSize:265027584 maxEntrySize:132513792
15 verbose cwd /data/data/com.termux/files/home
16 verbose os Linux 4.19.157-perf+
17 verbose node v25.8.1
18 verbose npm  v11.12.0
19 verbose exit 0
20 info ok
