0 verbose cli /data/data/com.termux/files/usr/bin/node /data/data/com.termux/files/usr/bin/npm
1 info using npm@11.12.0
2 info using node@v25.8.1
3 silly config load:file:/data/data/com.termux/files/usr/lib/node_modules/npm/npmrc
4 silly config load:file:/data/data/com.termux/files/home/.npmrc
5 silly config load:file:/data/data/com.termux/files/usr/etc/npmrc
6 verbose title npm install mongodb
7 verbose argv "install" "mongodb"
8 verbose logfile logs-max:10 dir:/data/data/com.termux/files/home/.npm/_logs/2026-03-26T18_58_04_249Z-
9 verbose logfile /data/data/com.termux/files/home/.npm/_logs/2026-03-26T18_58_04_249Z-debug-0.log
10 silly logfile done cleaning log files
11 silly packumentCache heap:1060110336 maxSize:265027584 maxEntrySize:132513792
12 silly idealTree buildDeps
13 silly fetch manifest mongodb@^7.1.1
14 silly packumentCache full:https://registry.npmjs.org/mongodb cache-miss
15 http cache https://registry.npmjs.org/mongodb 138ms (cache hit)
16 silly packumentCache full:https://registry.npmjs.org/mongodb set size:4170749 disposed:false
17 silly fetch manifest @aws-sdk/credential-providers@^3.806.0
18 silly packumentCache full:https://registry.npmjs.org/@aws-sdk%2fcredential-providers cache-miss
19 http cache https://registry.npmjs.org/@aws-sdk%2fcredential-providers 40ms (cache hit)
20 silly packumentCache full:https://registry.npmjs.org/@aws-sdk%2fcredential-providers set size:1986159 disposed:false
21 silly fetch manifest @mongodb-js/zstd@^7.0.0
22 silly packumentCache full:https://registry.npmjs.org/@mongodb-js%2fzstd cache-miss
23 http cache https://registry.npmjs.org/@mongodb-js%2fzstd 16ms (cache hit)
24 silly packumentCache full:https://registry.npmjs.org/@mongodb-js%2fzstd set size:99219 disposed:false
25 silly fetch manifest gcp-metadata@^7.0.1
26 silly packumentCache full:https://registry.npmjs.org/gcp-metadata cache-miss
27 http cache https://registry.npmjs.org/gcp-metadata 28ms (cache hit)
28 silly packumentCache full:https://registry.npmjs.org/gcp-metadata set size:191448 disposed:false
29 silly fetch manifest kerberos@^7.0.0
30 silly packumentCache full:https://registry.npmjs.org/kerberos cache-miss
31 http cache https://registry.npmjs.org/kerberos 22ms (cache hit)
32 silly packumentCache full:https://registry.npmjs.org/kerberos set size:117537 disposed:false
33 silly fetch manifest mongodb-client-encryption@>=7.0.0 <7.1.0
34 silly packumentCache full:https://registry.npmjs.org/mongodb-client-encryption cache-miss
35 http cache https://registry.npmjs.org/mongodb-client-encryption 13ms (cache hit)
36 silly packumentCache full:https://registry.npmjs.org/mongodb-client-encryption set size:262386 disposed:false
37 silly fetch manifest snappy@^7.3.2
38 silly packumentCache full:https://registry.npmjs.org/snappy cache-miss
39 http cache https://registry.npmjs.org/snappy 16ms (cache hit)
40 silly packumentCache full:https://registry.npmjs.org/snappy set size:185121 disposed:false
41 silly fetch manifest socks@^2.8.6
42 silly packumentCache full:https://registry.npmjs.org/socks cache-miss
43 http cache https://registry.npmjs.org/socks 18ms (cache hit)
44 silly packumentCache full:https://registry.npmjs.org/socks set size:168523 disposed:false
45 silly placeDep ROOT mongodb@7.1.1 REPLACE for:  want: ^7.1.1
46 silly reify moves {}
47 silly audit bulk request {
47 silly audit   '@mongodb-js/saslprep': [ '1.4.6' ],
47 silly audit   '@types/webidl-conversions': [ '7.0.3' ],
47 silly audit   '@types/whatwg-url': [ '13.0.0' ],
47 silly audit   bson: [ '7.2.0' ],
47 silly audit   'memory-pager': [ '1.5.0' ],
47 silly audit   'mongodb-connection-string-url': [ '7.0.1' ],
47 silly audit   punycode: [ '2.3.1' ],
47 silly audit   'sparse-bitfield': [ '3.0.3' ],
47 silly audit   tr46: [ '5.1.1' ],
47 silly audit   'webidl-conversions': [ '7.0.0' ],
47 silly audit   'whatwg-url': [ '14.2.0' ],
47 silly audit   mongodb: [ '7.1.1' ]
47 silly audit }
48 http fetch POST 200 https://registry.npmjs.org/-/npm/v1/security/advisories/bulk 782ms
49 silly audit report {}
50 verbose cwd /data/data/com.termux/files/home
51 verbose os Linux 4.19.157-perf+
52 verbose node v25.8.1
53 verbose npm  v11.12.0
54 verbose exit 0
55 info ok
